
===========================================================================
report_checks -path_delay min (Hold)
============================================================================
Startpoint: _67942_ (rising edge-triggered flip-flop clocked by clk)
Endpoint: _67942_ (rising edge-triggered flip-flop clocked by clk)
Path Group: clk
Path Type: min

Fanout     Cap    Slew   Delay    Time   Description
-----------------------------------------------------------------------------
                  0.15    0.00    0.00   clock clk (rise edge)
                          0.00    0.00   clock network delay (ideal)
                  0.15    0.00    0.00 ^ _67942_/CLK (sky130_fd_sc_hd__dfxtp_1)
                  0.06    0.33    0.33 ^ _67942_/Q (sky130_fd_sc_hd__dfxtp_1)
     2    0.00                           isl_blksiz.cek.arka_taraf_dut.yurut_dut.yzh.veri_yo.yazmaclar[5][0] (net)
                  0.06    0.00    0.33 ^ _39192_/A1 (sky130_fd_sc_hd__a21o_1)
                  0.03    0.09    0.42 ^ _39192_/X (sky130_fd_sc_hd__a21o_1)
     1    0.00                           _00731_ (net)
                  0.03    0.00    0.42 ^ _67942_/D (sky130_fd_sc_hd__dfxtp_1)
                                  0.42   data arrival time

                  0.15    0.00    0.00   clock clk (rise edge)
                          0.00    0.00   clock network delay (ideal)
                          0.25    0.25   clock uncertainty
                          0.00    0.25   clock reconvergence pessimism
                                  0.25 ^ _67942_/CLK (sky130_fd_sc_hd__dfxtp_1)
                         -0.01    0.24   library hold time
                                  0.24   data required time
-----------------------------------------------------------------------------
                                  0.24   data required time
                                 -0.42   data arrival time
-----------------------------------------------------------------------------
                                  0.19   slack (MET)


Startpoint: _69184_ (rising edge-triggered flip-flop clocked by clk)
Endpoint: _69184_ (rising edge-triggered flip-flop clocked by clk)
Path Group: clk
Path Type: min

Fanout     Cap    Slew   Delay    Time   Description
-----------------------------------------------------------------------------
                  0.15    0.00    0.00   clock clk (rise edge)
                          0.00    0.00   clock network delay (ideal)
                  0.15    0.00    0.00 ^ _69184_/CLK (sky130_fd_sc_hd__dfxtp_1)
                  0.06    0.33    0.33 ^ _69184_/Q (sky130_fd_sc_hd__dfxtp_1)
     2    0.00                           isl_blksiz.cek.arka_taraf_dut.yurut_dut.yzh.katsayi_yo.yazmaclar[5][20] (net)
                  0.06    0.00    0.33 ^ _44271_/A1 (sky130_fd_sc_hd__a21o_1)
                  0.03    0.09    0.42 ^ _44271_/X (sky130_fd_sc_hd__a21o_1)
     1    0.00                           _01973_ (net)
                  0.03    0.00    0.42 ^ _69184_/D (sky130_fd_sc_hd__dfxtp_1)
                                  0.42   data arrival time

                  0.15    0.00    0.00   clock clk (rise edge)
                          0.00    0.00   clock network delay (ideal)
                          0.25    0.25   clock uncertainty
                          0.00    0.25   clock reconvergence pessimism
                                  0.25 ^ _69184_/CLK (sky130_fd_sc_hd__dfxtp_1)
                         -0.01    0.24   library hold time
                                  0.24   data required time
-----------------------------------------------------------------------------
                                  0.24   data required time
                                 -0.42   data arrival time
-----------------------------------------------------------------------------
                                  0.19   slack (MET)


Startpoint: _69165_ (rising edge-triggered flip-flop clocked by clk)
Endpoint: _69165_ (rising edge-triggered flip-flop clocked by clk)
Path Group: clk
Path Type: min

Fanout     Cap    Slew   Delay    Time   Description
-----------------------------------------------------------------------------
                  0.15    0.00    0.00   clock clk (rise edge)
                          0.00    0.00   clock network delay (ideal)
                  0.15    0.00    0.00 ^ _69165_/CLK (sky130_fd_sc_hd__dfxtp_1)
                  0.06    0.33    0.33 ^ _69165_/Q (sky130_fd_sc_hd__dfxtp_1)
     2    0.00                           isl_blksiz.cek.arka_taraf_dut.yurut_dut.yzh.katsayi_yo.yazmaclar[5][1] (net)
                  0.06    0.00    0.33 ^ _44227_/A1 (sky130_fd_sc_hd__a21o_1)
                  0.03    0.09    0.42 ^ _44227_/X (sky130_fd_sc_hd__a21o_1)
     1    0.00                           _01954_ (net)
                  0.03    0.00    0.42 ^ _69165_/D (sky130_fd_sc_hd__dfxtp_1)
                                  0.42   data arrival time

                  0.15    0.00    0.00   clock clk (rise edge)
                          0.00    0.00   clock network delay (ideal)
                          0.25    0.25   clock uncertainty
                          0.00    0.25   clock reconvergence pessimism
                                  0.25 ^ _69165_/CLK (sky130_fd_sc_hd__dfxtp_1)
                         -0.01    0.24   library hold time
                                  0.24   data required time
-----------------------------------------------------------------------------
                                  0.24   data required time
                                 -0.42   data arrival time
-----------------------------------------------------------------------------
                                  0.19   slack (MET)


Startpoint: _69274_ (rising edge-triggered flip-flop clocked by clk)
Endpoint: _69274_ (rising edge-triggered flip-flop clocked by clk)
Path Group: clk
Path Type: min

Fanout     Cap    Slew   Delay    Time   Description
-----------------------------------------------------------------------------
                  0.15    0.00    0.00   clock clk (rise edge)
                          0.00    0.00   clock network delay (ideal)
                  0.15    0.00    0.00 ^ _69274_/CLK (sky130_fd_sc_hd__dfxtp_1)
                  0.06    0.33    0.33 ^ _69274_/Q (sky130_fd_sc_hd__dfxtp_1)
     2    0.00                           isl_blksiz.cek.arka_taraf_dut.yurut_dut.yzh.katsayi_yo.yazmaclar[8][14] (net)
                  0.06    0.00    0.33 ^ _44487_/A1 (sky130_fd_sc_hd__a21o_1)
                  0.03    0.09    0.42 ^ _44487_/X (sky130_fd_sc_hd__a21o_1)
     1    0.00                           _02063_ (net)
                  0.03    0.00    0.42 ^ _69274_/D (sky130_fd_sc_hd__dfxtp_1)
                                  0.42   data arrival time

                  0.15    0.00    0.00   clock clk (rise edge)
                          0.00    0.00   clock network delay (ideal)
                          0.25    0.25   clock uncertainty
                          0.00    0.25   clock reconvergence pessimism
                                  0.25 ^ _69274_/CLK (sky130_fd_sc_hd__dfxtp_1)
                         -0.01    0.24   library hold time
                                  0.24   data required time
-----------------------------------------------------------------------------
                                  0.24   data required time
                                 -0.42   data arrival time
-----------------------------------------------------------------------------
                                  0.19   slack (MET)


Startpoint: _72599_ (rising edge-triggered flip-flop clocked by clk)
Endpoint: _72599_ (rising edge-triggered flip-flop clocked by clk)
Path Group: clk
Path Type: min

Fanout     Cap    Slew   Delay    Time   Description
-----------------------------------------------------------------------------
                  0.15    0.00    0.00   clock clk (rise edge)
                          0.00    0.00   clock network delay (ideal)
                  0.15    0.00    0.00 ^ _72599_/CLK (sky130_fd_sc_hd__dfxtp_1)
                  0.04    0.32    0.32 v _72599_/Q (sky130_fd_sc_hd__dfxtp_1)
     2    0.00                           isl_blksiz.cek.arka_taraf_dut.yurut_dut.cb.cbd.result[3] (net)
                  0.04    0.00    0.32 v _62725_/A (sky130_fd_sc_hd__nand2_1)
                  0.03    0.05    0.37 ^ _62725_/Y (sky130_fd_sc_hd__nand2_1)
     1    0.00                           _29368_ (net)
                  0.03    0.00    0.37 ^ _62726_/B1 (sky130_fd_sc_hd__o21ai_1)
                  0.04    0.05    0.41 v _62726_/Y (sky130_fd_sc_hd__o21ai_1)
     1    0.00                           _05311_ (net)
                  0.04    0.00    0.41 v _72599_/D (sky130_fd_sc_hd__dfxtp_1)
                                  0.41   data arrival time

                  0.15    0.00    0.00   clock clk (rise edge)
                          0.00    0.00   clock network delay (ideal)
                          0.25    0.25   clock uncertainty
                          0.00    0.25   clock reconvergence pessimism
                                  0.25 ^ _72599_/CLK (sky130_fd_sc_hd__dfxtp_1)
                         -0.03    0.22   library hold time
                                  0.22   data required time
-----------------------------------------------------------------------------
                                  0.22   data required time
                                 -0.41   data arrival time
-----------------------------------------------------------------------------
                                  0.19   slack (MET)


