
===========================================================================
report_checks -unconstrained
============================================================================
Startpoint: _72481_ (rising edge-triggered flip-flop clocked by clk)
Endpoint: _72480_ (rising edge-triggered flip-flop clocked by clk)
Path Group: clk
Path Type: max

Fanout     Cap    Slew   Delay    Time   Description
-----------------------------------------------------------------------------
                          0.00    0.00   clock clk (rise edge)
                          0.00    0.00   clock source latency
                  1.09    0.87    0.87 ^ clk (in)
     1    0.24                           clk (net)
                  1.14    0.00    0.87 ^ clkbuf_0_clk/A (sky130_fd_sc_hd__clkbuf_16)
                  0.15    0.42    1.28 ^ clkbuf_0_clk/X (sky130_fd_sc_hd__clkbuf_16)
     2    0.13                           clknet_0_clk (net)
                  0.15    0.00    1.29 ^ clkbuf_1_1_0_clk/A (sky130_fd_sc_hd__clkbuf_8)
                  0.16    0.25    1.54 ^ clkbuf_1_1_0_clk/X (sky130_fd_sc_hd__clkbuf_8)
     2    0.09                           clknet_1_1_0_clk (net)
                  0.16    0.02    1.56 ^ clkbuf_2_3_0_clk/A (sky130_fd_sc_hd__clkbuf_8)
                  0.15    0.25    1.81 ^ clkbuf_2_3_0_clk/X (sky130_fd_sc_hd__clkbuf_8)
     2    0.08                           clknet_2_3_0_clk (net)
                  0.16    0.02    1.83 ^ clkbuf_2_3_1_clk/A (sky130_fd_sc_hd__clkbuf_8)
                  0.26    0.33    2.16 ^ clkbuf_2_3_1_clk/X (sky130_fd_sc_hd__clkbuf_8)
     4    0.15                           clknet_2_3_1_clk (net)
                  0.26    0.02    2.18 ^ clkbuf_4_13_0_clk/A (sky130_fd_sc_hd__clkbuf_8)
                  0.17    0.31    2.49 ^ clkbuf_4_13_0_clk/X (sky130_fd_sc_hd__clkbuf_8)
     4    0.10                           clknet_4_13_0_clk (net)
                  0.17    0.01    2.49 ^ clkbuf_5_26_0_clk/A (sky130_fd_sc_hd__clkbuf_8)
                  0.27    0.35    2.84 ^ clkbuf_5_26_0_clk/X (sky130_fd_sc_hd__clkbuf_8)
     8    0.16                           clknet_5_26_0_clk (net)
                  0.27    0.01    2.85 ^ clkbuf_8_208_0_clk/A (sky130_fd_sc_hd__clkbuf_8)
                  0.17    0.31    3.16 ^ clkbuf_8_208_0_clk/X (sky130_fd_sc_hd__clkbuf_8)
     8    0.10                           clknet_8_208_0_clk (net)
                  0.17    0.00    3.16 ^ clkbuf_leaf_1650_clk/A (sky130_fd_sc_hd__clkbuf_16)
                  0.03    0.16    3.33 ^ clkbuf_leaf_1650_clk/X (sky130_fd_sc_hd__clkbuf_16)
     2    0.01                           clknet_leaf_1650_clk (net)
                  0.03    0.00    3.33 ^ _72481_/CLK (sky130_fd_sc_hd__dfxtp_4)
                  0.18    0.46    3.79 ^ _72481_/Q (sky130_fd_sc_hd__dfxtp_4)
    10    0.06                           isl_blksiz.cek.arka_taraf_dut.coz_yazmacoku_dut.yrt_deger2_o[0] (net)
                  0.18    0.00    3.79 ^ _33526_/A (sky130_fd_sc_hd__clkbuf_4)
                  0.16    0.28    4.07 ^ _33526_/X (sky130_fd_sc_hd__clkbuf_4)
    10    0.05                           _05780_ (net)
                  0.16    0.00    4.07 ^ _33527_/A (sky130_fd_sc_hd__clkbuf_4)
                  0.16    0.27    4.35 ^ _33527_/X (sky130_fd_sc_hd__clkbuf_4)
    10    0.05                           _05781_ (net)
                  0.16    0.00    4.35 ^ _33528_/A (sky130_fd_sc_hd__clkbuf_4)
                  0.15    0.27    4.61 ^ _33528_/X (sky130_fd_sc_hd__clkbuf_4)
    10    0.05                           _05782_ (net)
                  0.15    0.00    4.62 ^ _33529_/A (sky130_fd_sc_hd__clkbuf_4)
                  0.14    0.26    4.87 ^ _33529_/X (sky130_fd_sc_hd__clkbuf_4)
    10    0.05                           _05783_ (net)
                  0.14    0.00    4.88 ^ _33629_/A (sky130_fd_sc_hd__clkbuf_4)
                  0.15    0.26    5.14 ^ _33629_/X (sky130_fd_sc_hd__clkbuf_4)
    10    0.05                           _05882_ (net)
                  0.15    0.00    5.14 ^ _33814_/A (sky130_fd_sc_hd__clkbuf_4)
                  0.18    0.29    5.43 ^ _33814_/X (sky130_fd_sc_hd__clkbuf_4)
    10    0.06                           _06062_ (net)
                  0.18    0.00    5.43 ^ _35267_/S (sky130_fd_sc_hd__mux2_1)
                  0.08    0.39    5.83 v _35267_/X (sky130_fd_sc_hd__mux2_1)
     3    0.01                           _07457_ (net)
                  0.08    0.00    5.83 v _36148_/A1 (sky130_fd_sc_hd__mux4_1)
                  0.12    0.59    6.41 v _36148_/X (sky130_fd_sc_hd__mux4_1)
     1    0.01                           _08276_ (net)
                  0.12    0.00    6.42 v _36149_/B1 (sky130_fd_sc_hd__a22oi_1)
                  0.21    0.22    6.63 ^ _36149_/Y (sky130_fd_sc_hd__a22oi_1)
     1    0.01                           _08277_ (net)
                  0.21    0.00    6.63 ^ _36150_/A (sky130_fd_sc_hd__inv_2)
                  0.06    0.08    6.71 v _36150_/Y (sky130_fd_sc_hd__inv_2)
     2    0.01                           _08278_ (net)
                  0.06    0.00    6.71 v _36151_/B1 (sky130_fd_sc_hd__a21o_1)
                  0.04    0.17    6.88 v _36151_/X (sky130_fd_sc_hd__a21o_1)
     1    0.00                           _08279_ (net)
                  0.04    0.00    6.88 v _36153_/B1 (sky130_fd_sc_hd__a22o_1)
                  0.04    0.18    7.06 v _36153_/X (sky130_fd_sc_hd__a22o_1)
     1    0.00                           _08281_ (net)
                  0.04    0.00    7.06 v _36156_/A2 (sky130_fd_sc_hd__o211a_1)
                  0.06    0.24    7.30 v _36156_/X (sky130_fd_sc_hd__o211a_1)
     1    0.01                           _08284_ (net)
                  0.06    0.00    7.30 v _36157_/B1 (sky130_fd_sc_hd__a31o_1)
                  0.10    0.26    7.56 v _36157_/X (sky130_fd_sc_hd__a31o_1)
     2    0.02                           _08285_ (net)
                  0.10    0.00    7.56 v _36163_/A3 (sky130_fd_sc_hd__a31o_1)
                  0.05    0.26    7.82 v _36163_/X (sky130_fd_sc_hd__a31o_1)
     1    0.01                           _08291_ (net)
                  0.05    0.00    7.82 v _36164_/A2_N (sky130_fd_sc_hd__a2bb2o_4)
                  0.35    0.42    8.24 ^ _36164_/X (sky130_fd_sc_hd__a2bb2o_4)
     4    0.11                           _08292_ (net)
                  0.36    0.04    8.28 ^ max_cap7036/A (sky130_fd_sc_hd__buf_6)
                  0.16    0.26    8.54 ^ max_cap7036/X (sky130_fd_sc_hd__buf_6)
     5    0.08                           net7036 (net)
                  0.16    0.01    8.55 ^ _36505_/A0 (sky130_fd_sc_hd__mux2_1)
                  0.05    0.16    8.70 ^ _36505_/X (sky130_fd_sc_hd__mux2_1)
     1    0.00                           _08601_ (net)
                  0.05    0.00    8.70 ^ _36506_/A (sky130_fd_sc_hd__buf_4)
                  0.31    0.31    9.01 ^ _36506_/X (sky130_fd_sc_hd__buf_4)
     1    0.11                           isl_blksiz.veri_onbellegi_denetleyici_dut.yol_A0[0] (net)
                  0.31    0.01    9.03 ^ fanout5749/A (sky130_fd_sc_hd__buf_12)
                  0.57    0.44    9.46 ^ fanout5749/X (sky130_fd_sc_hd__buf_12)
     7    0.51                           net5749 (net)
                  0.57    0.01    9.47 ^ fanout5557/A (sky130_fd_sc_hd__buf_12)
                  0.22    0.32    9.79 ^ fanout5557/X (sky130_fd_sc_hd__buf_12)
     6    0.19                           net5557 (net)
                  0.22    0.02    9.81 ^ fanout5497/A (sky130_fd_sc_hd__buf_6)
                  0.22    0.28   10.09 ^ fanout5497/X (sky130_fd_sc_hd__buf_6)
     5    0.11                           net5497 (net)
                  0.23    0.03   10.12 ^ fanout5480/A (sky130_fd_sc_hd__buf_4)
                  0.24    0.32   10.43 ^ fanout5480/X (sky130_fd_sc_hd__buf_4)
     7    0.08                           net5480 (net)
                  0.24    0.00   10.43 ^ fanout5469/A (sky130_fd_sc_hd__buf_2)
                  0.20    0.29   10.73 ^ fanout5469/X (sky130_fd_sc_hd__buf_2)
     6    0.04                           net5469 (net)
                  0.20    0.00   10.73 ^ fanout5468/A (sky130_fd_sc_hd__clkbuf_4)
                  0.15    0.28   11.01 ^ fanout5468/X (sky130_fd_sc_hd__clkbuf_4)
     7    0.05                           net5468 (net)
                  0.15    0.00   11.02 ^ fanout5467/A (sky130_fd_sc_hd__buf_4)
                  0.17    0.25   11.27 ^ fanout5467/X (sky130_fd_sc_hd__buf_4)
    10    0.06                           net5467 (net)
                  0.17    0.00   11.27 ^ vffram_t1_0.REGF[0].RAM32x8_ASYNC_dut.m0.m7.m0.m1.m0/S0 (sky130_fd_sc_hd__mux4_1)
                  0.08    0.59   11.86 v vffram_t1_0.REGF[0].RAM32x8_ASYNC_dut.m0.m7.m0.m1.m0/X (sky130_fd_sc_hd__mux4_1)
     1    0.00                           vffram_t1_0.REGF[0].RAM32x8_ASYNC_dut.m0.m7.m0.m1.tmp0 (net)
                  0.08    0.00   11.86 v vffram_t1_0.REGF[0].RAM32x8_ASYNC_dut.m0.m7.m0.m1.m2/A0 (sky130_fd_sc_hd__mux2_1)
                  0.09    0.35   12.21 v vffram_t1_0.REGF[0].RAM32x8_ASYNC_dut.m0.m7.m0.m1.m2/X (sky130_fd_sc_hd__mux2_1)
     1    0.01                           vffram_t1_0.REGF[0].RAM32x8_ASYNC_dut.m0.m7.m0.m1.X (net)
                  0.09    0.00   12.21 v vffram_t1_0.REGF[0].RAM32x8_ASYNC_dut.m0.m7.m0.m2/A1 (sky130_fd_sc_hd__mux2_1)
                  0.13    0.41   12.62 v vffram_t1_0.REGF[0].RAM32x8_ASYNC_dut.m0.m7.m0.m2/X (sky130_fd_sc_hd__mux2_1)
     2    0.02                           vffram_t1_0.REGF[0].RAM32x8_ASYNC_dut.m0.m7.m0.X (net)
                  0.13    0.00   12.63 v vffram_t1_0.REGF[0].RAM32x8_ASYNC_dut.m0.m7.m2/A0 (sky130_fd_sc_hd__mux2_2)
                  0.14    0.42   13.05 v vffram_t1_0.REGF[0].RAM32x8_ASYNC_dut.m0.m7.m2/X (sky130_fd_sc_hd__mux2_2)
     1    0.04                           vffram_t1_0.REGF[0].RAM32x8_ASYNC_dut.m0.m7.X (net)
                  0.14    0.01   13.06 v vffram_t1_0.m0.m7.m0/A0 (sky130_fd_sc_hd__mux4_2)
                  0.24    0.72   13.77 v vffram_t1_0.m0.m7.m0/X (sky130_fd_sc_hd__mux4_2)
     2    0.07                           vffram_t1_0.m0.m7.tmp0 (net)
                  0.24    0.01   13.79 v vffram_t1_0.m0.m7.m2/A0 (sky130_fd_sc_hd__mux2_4)
                  0.16    0.50   14.28 v vffram_t1_0.m0.m7.m2/X (sky130_fd_sc_hd__mux2_4)
     2    0.09                           vffram_t1_0.m0.m7.X (net)
                  0.16    0.01   14.29 v _34002_/A (sky130_fd_sc_hd__xor2_1)
                  0.12    0.20   14.49 ^ _34002_/X (sky130_fd_sc_hd__xor2_1)
     1    0.00                           _06247_ (net)
                  0.12    0.00   14.49 ^ _34003_/B1 (sky130_fd_sc_hd__o21ai_1)
                  0.05    0.08   14.57 v _34003_/Y (sky130_fd_sc_hd__o21ai_1)
     1    0.00                           _06248_ (net)
                  0.05    0.00   14.57 v _34004_/C1 (sky130_fd_sc_hd__a221o_1)
                  0.05    0.27   14.85 v _34004_/X (sky130_fd_sc_hd__a221o_1)
     1    0.00                           _06249_ (net)
                  0.05    0.00   14.85 v _34011_/A (sky130_fd_sc_hd__or4_1)
                  0.10    0.56   15.41 v _34011_/X (sky130_fd_sc_hd__or4_1)
     1    0.01                           _06256_ (net)
                  0.10    0.00   15.41 v _34012_/D1 (sky130_fd_sc_hd__a2111o_4)
                  0.17    0.51   15.92 v _34012_/X (sky130_fd_sc_hd__a2111o_4)
     2    0.08                           _06257_ (net)
                  0.17    0.02   15.94 v _35977_/A (sky130_fd_sc_hd__buf_4)
                  0.09    0.27   16.20 v _35977_/X (sky130_fd_sc_hd__buf_4)
    10    0.07                           _08134_ (net)
                  0.09    0.00   16.21 v _43061_/A2 (sky130_fd_sc_hd__o22a_1)
                  0.16    0.33   16.54 v _43061_/X (sky130_fd_sc_hd__o22a_1)
     1    0.03                           _13266_ (net)
                  0.16    0.00   16.54 v _43062_/B1 (sky130_fd_sc_hd__o22a_1)
                  0.05    0.24   16.78 v _43062_/X (sky130_fd_sc_hd__o22a_1)
     1    0.00                           _13267_ (net)
                  0.05    0.00   16.78 v _43064_/A2 (sky130_fd_sc_hd__o21a_1)
                  0.05    0.19   16.97 v _43064_/X (sky130_fd_sc_hd__o21a_1)
     2    0.01                           _13269_ (net)
                  0.05    0.00   16.97 v _43067_/A0 (sky130_fd_sc_hd__mux2_2)
                  0.12    0.36   17.34 v _43067_/X (sky130_fd_sc_hd__mux2_2)
     2    0.03                           _13272_ (net)
                  0.12    0.00   17.34 v _43068_/B (sky130_fd_sc_hd__or2_1)
                  0.07    0.27   17.61 v _43068_/X (sky130_fd_sc_hd__or2_1)
     2    0.01                           _13273_ (net)
                  0.07    0.00   17.61 v _43500_/C1 (sky130_fd_sc_hd__o211ai_2)
                  0.18    0.09   17.71 ^ _43500_/Y (sky130_fd_sc_hd__o211ai_2)
     2    0.01                           _13697_ (net)
                  0.18    0.00   17.71 ^ _43573_/B (sky130_fd_sc_hd__nor2_1)
                  0.08    0.10   17.81 v _43573_/Y (sky130_fd_sc_hd__nor2_1)
     3    0.01                           _13769_ (net)
                  0.08    0.00   17.81 v max_cap515/A (sky130_fd_sc_hd__clkbuf_2)
                  0.09    0.18   17.99 v max_cap515/X (sky130_fd_sc_hd__clkbuf_2)
     6    0.02                           net515 (net)
                  0.09    0.00   17.99 v _57678_/B (sky130_fd_sc_hd__nor2_1)
                  0.11    0.13   18.12 ^ _57678_/Y (sky130_fd_sc_hd__nor2_1)
     2    0.00                           _24495_ (net)
                  0.11    0.00   18.12 ^ wire320/A (sky130_fd_sc_hd__dlymetal6s2s_1)
                  0.17    0.21   18.33 ^ wire320/X (sky130_fd_sc_hd__dlymetal6s2s_1)
     5    0.02                           net320 (net)
                  0.17    0.00   18.33 ^ _57721_/B1_N (sky130_fd_sc_hd__a21boi_1)
                  0.46    0.46   18.80 ^ _57721_/Y (sky130_fd_sc_hd__a21boi_1)
     1    0.02                           _24537_ (net)
                  0.46    0.00   18.80 ^ _57729_/A2_N (sky130_fd_sc_hd__a2bb2o_1)
                  0.07    0.36   19.16 v _57729_/X (sky130_fd_sc_hd__a2bb2o_1)
     1    0.01                           _24545_ (net)
                  0.07    0.00   19.16 v _57739_/B (sky130_fd_sc_hd__and3_1)
                  0.04    0.19   19.35 v _57739_/X (sky130_fd_sc_hd__and3_1)
     1    0.00                           _24555_ (net)
                  0.04    0.00   19.35 v _57740_/B1 (sky130_fd_sc_hd__a21oi_2)
                  0.20    0.19   19.55 ^ _57740_/Y (sky130_fd_sc_hd__a21oi_2)
     2    0.01                           _24556_ (net)
                  0.20    0.00   19.55 ^ _57741_/B (sky130_fd_sc_hd__nor2_1)
                  0.09    0.09   19.64 v _57741_/Y (sky130_fd_sc_hd__nor2_1)
     1    0.01                           _24557_ (net)
                  0.09    0.00   19.64 v wire116/A (sky130_fd_sc_hd__dlymetal6s2s_1)
                  0.09    0.22   19.86 v wire116/X (sky130_fd_sc_hd__dlymetal6s2s_1)
     2    0.02                           net116 (net)
                  0.09    0.00   19.86 v _57767_/B1 (sky130_fd_sc_hd__o221a_2)
                  0.12    0.36   20.22 v _57767_/X (sky130_fd_sc_hd__o221a_2)
     4    0.03                           _24583_ (net)
                  0.12    0.00   20.22 v _58856_/A1 (sky130_fd_sc_hd__a22o_1)
                  0.06    0.26   20.49 v _58856_/X (sky130_fd_sc_hd__a22o_1)
     2    0.01                           _25620_ (net)
                  0.06    0.00   20.49 v _58858_/B1 (sky130_fd_sc_hd__a211oi_1)
                  0.29    0.31   20.80 ^ _58858_/Y (sky130_fd_sc_hd__a211oi_1)
     2    0.01                           _25622_ (net)
                  0.29    0.00   20.80 ^ _58867_/B (sky130_fd_sc_hd__and4_1)
                  0.08    0.27   21.07 ^ _58867_/X (sky130_fd_sc_hd__and4_1)
     1    0.01                           _25631_ (net)
                  0.08    0.00   21.07 ^ _58868_/D (sky130_fd_sc_hd__and4_1)
                  0.05    0.20   21.26 ^ _58868_/X (sky130_fd_sc_hd__and4_1)
     1    0.00                           _25632_ (net)
                  0.05    0.00   21.26 ^ _58869_/C (sky130_fd_sc_hd__and3b_1)
                  0.07    0.18   21.44 ^ _58869_/X (sky130_fd_sc_hd__and3b_1)
     1    0.00                           _25633_ (net)
                  0.07    0.00   21.44 ^ _58872_/C_N (sky130_fd_sc_hd__or4bb_1)
                  0.12    0.56   22.00 v _58872_/X (sky130_fd_sc_hd__or4bb_1)
     2    0.01                           _25636_ (net)
                  0.12    0.00   22.00 v _58898_/A_N (sky130_fd_sc_hd__and4b_1)
                  0.06    0.29   22.29 ^ _58898_/X (sky130_fd_sc_hd__and4b_1)
     1    0.00                           _25662_ (net)
                  0.06    0.00   22.29 ^ _58899_/C (sky130_fd_sc_hd__and3_1)
                  0.06    0.17   22.46 ^ _58899_/X (sky130_fd_sc_hd__and3_1)
     1    0.00                           _25663_ (net)
                  0.06    0.00   22.46 ^ _58900_/A4 (sky130_fd_sc_hd__a41o_2)
                  0.20    0.34   22.80 ^ _58900_/X (sky130_fd_sc_hd__a41o_2)
     3    0.04                           _25664_ (net)
                  0.20    0.00   22.80 ^ _58930_/A (sky130_fd_sc_hd__or2b_1)
                  0.05    0.14   22.95 ^ _58930_/X (sky130_fd_sc_hd__or2b_1)
     1    0.00                           _25692_ (net)
                  0.05    0.00   22.95 ^ _58931_/B1 (sky130_fd_sc_hd__a31o_1)
                  0.30    0.29   23.24 ^ _58931_/X (sky130_fd_sc_hd__a31o_1)
     1    0.03                           _25693_ (net)
                  0.30    0.00   23.24 ^ _58932_/A2 (sky130_fd_sc_hd__a21oi_1)
                  0.08    0.12   23.36 v _58932_/Y (sky130_fd_sc_hd__a21oi_1)
     1    0.00                           _05192_ (net)
                  0.08    0.00   23.36 v _72480_/D (sky130_fd_sc_hd__dfxtp_1)
                                 23.36   data arrival time

                         25.00   25.00   clock clk (rise edge)
                          0.00   25.00   clock source latency
                  1.09    0.78   25.78 ^ clk (in)
     1    0.24                           clk (net)
                  1.14    0.00   25.78 ^ clkbuf_0_clk/A (sky130_fd_sc_hd__clkbuf_16)
                  0.15    0.38   26.16 ^ clkbuf_0_clk/X (sky130_fd_sc_hd__clkbuf_16)
     2    0.13                           clknet_0_clk (net)
                  0.16    0.01   26.17 ^ clkbuf_1_0_0_clk/A (sky130_fd_sc_hd__clkbuf_8)
                  0.15    0.23   26.40 ^ clkbuf_1_0_0_clk/X (sky130_fd_sc_hd__clkbuf_8)
     2    0.08                           clknet_1_0_0_clk (net)
                  0.15    0.02   26.41 ^ clkbuf_2_1_0_clk/A (sky130_fd_sc_hd__clkbuf_8)
                  0.14    0.21   26.63 ^ clkbuf_2_1_0_clk/X (sky130_fd_sc_hd__clkbuf_8)
     1    0.07                           clknet_2_1_0_clk (net)
                  0.14    0.02   26.65 ^ clkbuf_2_1_1_clk/A (sky130_fd_sc_hd__clkbuf_8)
                  0.30    0.32   26.97 ^ clkbuf_2_1_1_clk/X (sky130_fd_sc_hd__clkbuf_8)
     6    0.18                           clknet_2_1_1_clk (net)
                  0.30    0.01   26.99 ^ clkbuf_4_6_0_clk/A (sky130_fd_sc_hd__clkbuf_8)
                  0.18    0.29   27.28 ^ clkbuf_4_6_0_clk/X (sky130_fd_sc_hd__clkbuf_8)
     2    0.10                           clknet_4_6_0_clk (net)
                  0.18    0.01   27.29 ^ clkbuf_5_13_0_clk/A (sky130_fd_sc_hd__clkbuf_8)
                  0.29    0.33   27.62 ^ clkbuf_5_13_0_clk/X (sky130_fd_sc_hd__clkbuf_8)
     8    0.17                           clknet_5_13_0_clk (net)
                  0.29    0.01   27.63 ^ clkbuf_8_109_0_clk/A (sky130_fd_sc_hd__clkbuf_8)
                  0.44    0.46   28.09 ^ clkbuf_8_109_0_clk/X (sky130_fd_sc_hd__clkbuf_8)
    20    0.26                           clknet_8_109_0_clk (net)
                  0.44    0.02   28.10 ^ clkbuf_leaf_1355_clk/A (sky130_fd_sc_hd__clkbuf_16)
                  0.05    0.22   28.32 ^ clkbuf_leaf_1355_clk/X (sky130_fd_sc_hd__clkbuf_16)
     6    0.02                           clknet_leaf_1355_clk (net)
                  0.05    0.00   28.32 ^ _72480_/CLK (sky130_fd_sc_hd__dfxtp_1)
                         -0.25   28.07   clock uncertainty
                          0.12   28.20   clock reconvergence pessimism
                         -0.12   28.07   library setup time
                                 28.07   data required time
-----------------------------------------------------------------------------
                                 28.07   data required time
                                -23.36   data arrival time
-----------------------------------------------------------------------------
                                  4.72   slack (MET)



===========================================================================
report_checks --slack_max -0.01
============================================================================
No paths found.
