
===========================================================================
 report_check_types -max_slew -max_cap -max_fanout -violators
============================================================================
max fanout

Pin                                   Limit Fanout  Slack
---------------------------------------------------------
vffram_d0_0.BANK0.m0.m3.m2/X             10     89    -79 (VIOLATED)
vffram_d1_0.BANK0.m0.m6.m2/X             10     85    -75 (VIOLATED)
wire3792/X                               10     83    -73 (VIOLATED)
vffram_d1_0.BANK0.m0.m4.m2/X             10     79    -69 (VIOLATED)
vffram_d1_0.BANK0.m0.m0.m2/X             10     77    -67 (VIOLATED)
wire3827/X                               10     77    -67 (VIOLATED)
_36215_/X                                10     71    -61 (VIOLATED)
_36282_/X                                10     71    -61 (VIOLATED)
_50745_/X                                10     71    -61 (VIOLATED)
input35/X                                10     71    -61 (VIOLATED)
_36408_/X                                10     64    -54 (VIOLATED)
_36914_/X                                10     61    -51 (VIOLATED)
_36322_/X                                10     59    -49 (VIOLATED)
_36301_/X                                10     54    -44 (VIOLATED)
vffram_d0_0.BANK0.m0.m4.m2/X             10     52    -42 (VIOLATED)
vffram_d1_0.BANK0.m0.m1.m2/X             10     51    -41 (VIOLATED)
vffram_d0_0.BANK0.m0.m1.m2/X             10     50    -40 (VIOLATED)
vffram_d0_0.BANK0.m0.m6.m2/X             10     49    -39 (VIOLATED)
vffram_d0_1.BANK1.m0.m0.m2/X             10     49    -39 (VIOLATED)
vffram_d0_1.BANK1.m0.m1.m2/X             10     49    -39 (VIOLATED)
vffram_d1_1.BANK1.m0.m1.m2/X             10     49    -39 (VIOLATED)
_33864_/Y                                10     47    -37 (VIOLATED)
_36325_/X                                10     47    -37 (VIOLATED)
_36343_/X                                10     47    -37 (VIOLATED)
_50717_/X                                10     47    -37 (VIOLATED)
_50748_/X                                10     47    -37 (VIOLATED)
vffram_d1_0.BANK0.m0.m3.m2/X             10     47    -37 (VIOLATED)
vffram_d1_1.BANK0.m0.m1.m2/X             10     45    -35 (VIOLATED)
wire3791/X                               10     43    -33 (VIOLATED)
wire3826/X                               10     43    -33 (VIOLATED)
vffram_d0_0.BANK0.m0.m5.m2/X             10     39    -29 (VIOLATED)
fanout11095/X                            10     38    -28 (VIOLATED)
fanout11376/X                            10     35    -25 (VIOLATED)
fanout11167/X                            10     34    -24 (VIOLATED)
RAM512_d0.m0.M[0].MUX[0]/X               10     33    -23 (VIOLATED)
_36339_/X                                10     32    -22 (VIOLATED)
fanout2232/X                             10     31    -21 (VIOLATED)
fanout2913/X                             10     31    -21 (VIOLATED)
wire3790/X                               10     31    -21 (VIOLATED)
vffram_d0_1.BANK1.m0.m7.m2/X             10     30    -20 (VIOLATED)
wire9752/X                               10     30    -20 (VIOLATED)
_34043_/X                                10     27    -17 (VIOLATED)
RAM512_d0.m0.M[0].MUX[6]/X               10     26    -16 (VIOLATED)
clkbuf_8_0_0_clk/X                       10     26    -16 (VIOLATED)
clkbuf_8_124_0_clk/X                     10     26    -16 (VIOLATED)
vffram_d1_0.BANK0.m0.m2.m2/X             10     26    -16 (VIOLATED)
wire9768/X                               10     26    -16 (VIOLATED)
vffram_d1_1.BANK1.m0.m0.m2/X             10     25    -15 (VIOLATED)
clkbuf_8_127_0_clk/X                     10     24    -14 (VIOLATED)
clkbuf_8_31_0_clk/X                      10     24    -14 (VIOLATED)
clkbuf_8_42_0_clk/X                      10     24    -14 (VIOLATED)
clkbuf_8_98_0_clk/X                      10     24    -14 (VIOLATED)
_36236_/X                                10     23    -13 (VIOLATED)
_37448_/X                                10     23    -13 (VIOLATED)
_37453_/X                                10     23    -13 (VIOLATED)
_37473_/X                                10     23    -13 (VIOLATED)
clkbuf_8_100_0_clk/X                     10     23    -13 (VIOLATED)
clkbuf_8_126_0_clk/X                     10     23    -13 (VIOLATED)
clkbuf_8_102_0_clk/X                     10     22    -12 (VIOLATED)
clkbuf_8_103_0_clk/X                     10     22    -12 (VIOLATED)
clkbuf_8_105_0_clk/X                     10     22    -12 (VIOLATED)
clkbuf_8_107_0_clk/X                     10     21    -11 (VIOLATED)
clkbuf_8_10_0_clk/X                      10     21    -11 (VIOLATED)
clkbuf_8_110_0_clk/X                     10     21    -11 (VIOLATED)
clkbuf_8_63_0_clk/X                      10     21    -11 (VIOLATED)
clkbuf_8_73_0_clk/X                      10     21    -11 (VIOLATED)
clkbuf_8_76_0_clk/X                      10     21    -11 (VIOLATED)
fanout1004/X                             10     21    -11 (VIOLATED)
RAM512_d1.m0.M[1].MUX[0]/X               10     20    -10 (VIOLATED)
RAM512_d1.m0.M[1].MUX[1]/X               10     20    -10 (VIOLATED)
RAM512_d1.m0.M[1].MUX[4]/X               10     20    -10 (VIOLATED)
RAM512_d1.m0.M[1].MUX[5]/X               10     20    -10 (VIOLATED)
_50684_/X                                10     20    -10 (VIOLATED)
clkbuf_8_101_0_clk/X                     10     20    -10 (VIOLATED)
clkbuf_8_109_0_clk/X                     10     20    -10 (VIOLATED)
clkbuf_8_125_0_clk/X                     10     20    -10 (VIOLATED)
fanout10338/X                            10     20    -10 (VIOLATED)
fanout11959/X                            10     20    -10 (VIOLATED)
vffram_d0_0.BANK1.m0.m7.m2/X             10     20    -10 (VIOLATED)
vffram_d1_0.BANK1.m0.m4.m2/X             10     20    -10 (VIOLATED)
_35997_/X                                10     19     -9 (VIOLATED)
_36142_/X                                10     19     -9 (VIOLATED)
_36439_/X                                10     19     -9 (VIOLATED)
_36485_/X                                10     19     -9 (VIOLATED)
clkbuf_8_104_0_clk/X                     10     19     -9 (VIOLATED)
clkbuf_8_115_0_clk/X                     10     19     -9 (VIOLATED)
clkbuf_8_32_0_clk/X                      10     19     -9 (VIOLATED)
clkbuf_8_90_0_clk/X                      10     19     -9 (VIOLATED)
clkbuf_8_96_0_clk/X                      10     19     -9 (VIOLATED)
vffram_d1_0.BANK0.m0.m7.m2/X             10     19     -9 (VIOLATED)
_36007_/X                                10     18     -8 (VIOLATED)
clkbuf_8_108_0_clk/X                     10     18     -8 (VIOLATED)
clkbuf_8_120_0_clk/X                     10     18     -8 (VIOLATED)
clkbuf_8_121_0_clk/X                     10     18     -8 (VIOLATED)
clkbuf_8_123_0_clk/X                     10     18     -8 (VIOLATED)
clkbuf_8_1_0_clk/X                       10     18     -8 (VIOLATED)
clkbuf_8_213_0_clk/X                     10     18     -8 (VIOLATED)
clkbuf_8_21_0_clk/X                      10     18     -8 (VIOLATED)
clkbuf_8_2_0_clk/X                       10     18     -8 (VIOLATED)
clkbuf_8_53_0_clk/X                      10     18     -8 (VIOLATED)
clkbuf_8_91_0_clk/X                      10     18     -8 (VIOLATED)
clkbuf_8_97_0_clk/X                      10     18     -8 (VIOLATED)
fanout1586/X                             10     18     -8 (VIOLATED)
vffram_d0_0.BANK1.m0.m4.m2/X             10     18     -8 (VIOLATED)
RAM512_d1.m0.M[1].MUX[2]/X               10     17     -7 (VIOLATED)
RAM512_d1.m0.M[1].MUX[3]/X               10     17     -7 (VIOLATED)
_36284_/X                                10     17     -7 (VIOLATED)
_36578_/X                                10     17     -7 (VIOLATED)
_37338_/X                                10     17     -7 (VIOLATED)
clkbuf_8_111_0_clk/X                     10     17     -7 (VIOLATED)
clkbuf_8_112_0_clk/X                     10     17     -7 (VIOLATED)
clkbuf_8_198_0_clk/X                     10     17     -7 (VIOLATED)
clkbuf_8_29_0_clk/X                      10     17     -7 (VIOLATED)
clkbuf_8_30_0_clk/X                      10     17     -7 (VIOLATED)
clkbuf_8_47_0_clk/X                      10     17     -7 (VIOLATED)
clkbuf_8_75_0_clk/X                      10     17     -7 (VIOLATED)
clkbuf_8_80_0_clk/X                      10     17     -7 (VIOLATED)
fanout11307/X                            10     17     -7 (VIOLATED)
vffram_d1_0.BANK1.m0.m0.m2/X             10     17     -7 (VIOLATED)
vffram_d1_0.BANK1.m0.m2.m2/X             10     17     -7 (VIOLATED)
vffram_d1_0.BANK1.m0.m7.m2/X             10     17     -7 (VIOLATED)
_34116_/X                                10     16     -6 (VIOLATED)
clkbuf_8_106_0_clk/X                     10     16     -6 (VIOLATED)
clkbuf_8_116_0_clk/X                     10     16     -6 (VIOLATED)
clkbuf_8_117_0_clk/X                     10     16     -6 (VIOLATED)
clkbuf_8_118_0_clk/X                     10     16     -6 (VIOLATED)
clkbuf_8_26_0_clk/X                      10     16     -6 (VIOLATED)
clkbuf_8_78_0_clk/X                      10     16     -6 (VIOLATED)
clkbuf_8_84_0_clk/X                      10     16     -6 (VIOLATED)
clkbuf_8_87_0_clk/X                      10     16     -6 (VIOLATED)
clkbuf_8_99_0_clk/X                      10     16     -6 (VIOLATED)
fanout11786/X                            10     16     -6 (VIOLATED)
fanout1183/X                             10     16     -6 (VIOLATED)
fanout5336/X                             10     16     -6 (VIOLATED)
vffram_d1_1.BANK1.m0.m7.m2/X             10     16     -6 (VIOLATED)
_36235_/X                                10     15     -5 (VIOLATED)
_36539_/X                                10     15     -5 (VIOLATED)
_36574_/X                                10     15     -5 (VIOLATED)
_50742_/X                                10     15     -5 (VIOLATED)
clkbuf_8_113_0_clk/X                     10     15     -5 (VIOLATED)
clkbuf_8_11_0_clk/X                      10     15     -5 (VIOLATED)
clkbuf_8_16_0_clk/X                      10     15     -5 (VIOLATED)
clkbuf_8_27_0_clk/X                      10     15     -5 (VIOLATED)
clkbuf_8_33_0_clk/X                      10     15     -5 (VIOLATED)
clkbuf_8_40_0_clk/X                      10     15     -5 (VIOLATED)
clkbuf_8_43_0_clk/X                      10     15     -5 (VIOLATED)
clkbuf_8_5_0_clk/X                       10     15     -5 (VIOLATED)
clkbuf_8_60_0_clk/X                      10     15     -5 (VIOLATED)
clkbuf_8_62_0_clk/X                      10     15     -5 (VIOLATED)
clkbuf_8_77_0_clk/X                      10     15     -5 (VIOLATED)
clkbuf_8_85_0_clk/X                      10     15     -5 (VIOLATED)
clkbuf_8_88_0_clk/X                      10     15     -5 (VIOLATED)
clkbuf_leaf_1181_clk/X                   10     15     -5 (VIOLATED)
fanout10820/X                            10     15     -5 (VIOLATED)
fanout11413/X                            10     15     -5 (VIOLATED)
fanout2563/X                             10     15     -5 (VIOLATED)
fanout805/X                              10     15     -5 (VIOLATED)
vffram_d0_1.BANK1.m0.m3.m0/X             10     15     -5 (VIOLATED)
vffram_d0_1.BANK1.m0.m5.m0/X             10     15     -5 (VIOLATED)
vffram_d0_1.BANK1.m0.m6.m2/X             10     15     -5 (VIOLATED)
wire3840/X                               10     15     -5 (VIOLATED)
RAM512_d0.m0.M[0].MUX[7]/X               10     14     -4 (VIOLATED)
_33670_/X                                10     14     -4 (VIOLATED)
_35721_/X                                10     14     -4 (VIOLATED)
_40457_/X                                10     14     -4 (VIOLATED)
_45145_/X                                10     14     -4 (VIOLATED)
_50531_/X                                10     14     -4 (VIOLATED)
_61425_/X                                10     14     -4 (VIOLATED)
clkbuf_8_114_0_clk/X                     10     14     -4 (VIOLATED)
clkbuf_8_146_0_clk/X                     10     14     -4 (VIOLATED)
clkbuf_8_193_0_clk/X                     10     14     -4 (VIOLATED)
clkbuf_8_197_0_clk/X                     10     14     -4 (VIOLATED)
clkbuf_8_212_0_clk/X                     10     14     -4 (VIOLATED)
clkbuf_8_226_0_clk/X                     10     14     -4 (VIOLATED)
clkbuf_8_34_0_clk/X                      10     14     -4 (VIOLATED)
clkbuf_8_45_0_clk/X                      10     14     -4 (VIOLATED)
clkbuf_8_46_0_clk/X                      10     14     -4 (VIOLATED)
clkbuf_8_64_0_clk/X                      10     14     -4 (VIOLATED)
clkbuf_8_70_0_clk/X                      10     14     -4 (VIOLATED)
clkbuf_8_72_0_clk/X                      10     14     -4 (VIOLATED)
clkbuf_8_81_0_clk/X                      10     14     -4 (VIOLATED)
clkbuf_8_8_0_clk/X                       10     14     -4 (VIOLATED)
fanout10404/X                            10     14     -4 (VIOLATED)
fanout10541/X                            10     14     -4 (VIOLATED)
fanout10956/X                            10     14     -4 (VIOLATED)
fanout2498/X                             10     14     -4 (VIOLATED)
fanout2630/X                             10     14     -4 (VIOLATED)
fanout4827/X                             10     14     -4 (VIOLATED)
fanout7638/X                             10     14     -4 (VIOLATED)
fanout939/X                              10     14     -4 (VIOLATED)
fanout9559/X                             10     14     -4 (VIOLATED)
max_length3829/X                         10     14     -4 (VIOLATED)
vffram_d1_0.BANK0.m0.m5.m2/X             10     14     -4 (VIOLATED)
vffram_d1_0.BANK1.m0.m1.m2/X             10     14     -4 (VIOLATED)
vffram_d1_0.BANK1.m0.m5.m2/X             10     14     -4 (VIOLATED)
_34083_/X                                10     13     -3 (VIOLATED)
_35062_/X                                10     13     -3 (VIOLATED)
_35605_/X                                10     13     -3 (VIOLATED)
_35990_/X                                10     13     -3 (VIOLATED)
_36299_/X                                10     13     -3 (VIOLATED)
_36570_/X                                10     13     -3 (VIOLATED)
_43228_/X                                10     13     -3 (VIOLATED)
_45132_/X                                10     13     -3 (VIOLATED)
_45186_/X                                10     13     -3 (VIOLATED)
_50657_/X                                10     13     -3 (VIOLATED)
_50851_/X                                10     13     -3 (VIOLATED)
clkbuf_8_122_0_clk/X                     10     13     -3 (VIOLATED)
clkbuf_8_138_0_clk/X                     10     13     -3 (VIOLATED)
clkbuf_8_139_0_clk/X                     10     13     -3 (VIOLATED)
clkbuf_8_143_0_clk/X                     10     13     -3 (VIOLATED)
clkbuf_8_196_0_clk/X                     10     13     -3 (VIOLATED)
clkbuf_8_199_0_clk/X                     10     13     -3 (VIOLATED)
clkbuf_8_20_0_clk/X                      10     13     -3 (VIOLATED)
clkbuf_8_225_0_clk/X                     10     13     -3 (VIOLATED)
clkbuf_8_22_0_clk/X                      10     13     -3 (VIOLATED)
clkbuf_8_232_0_clk/X                     10     13     -3 (VIOLATED)
clkbuf_8_246_0_clk/X                     10     13     -3 (VIOLATED)
clkbuf_8_49_0_clk/X                      10     13     -3 (VIOLATED)
clkbuf_8_4_0_clk/X                       10     13     -3 (VIOLATED)
clkbuf_8_50_0_clk/X                      10     13     -3 (VIOLATED)
clkbuf_8_52_0_clk/X                      10     13     -3 (VIOLATED)
clkbuf_8_55_0_clk/X                      10     13     -3 (VIOLATED)
clkbuf_8_58_0_clk/X                      10     13     -3 (VIOLATED)
clkbuf_8_68_0_clk/X                      10     13     -3 (VIOLATED)
clkbuf_8_69_0_clk/X                      10     13     -3 (VIOLATED)
clkbuf_8_79_0_clk/X                      10     13     -3 (VIOLATED)
clkbuf_8_82_0_clk/X                      10     13     -3 (VIOLATED)
clkbuf_8_86_0_clk/X                      10     13     -3 (VIOLATED)
clkbuf_8_93_0_clk/X                      10     13     -3 (VIOLATED)
clkbuf_8_95_0_clk/X                      10     13     -3 (VIOLATED)
clkbuf_leaf_1206_clk/X                   10     13     -3 (VIOLATED)
clkbuf_leaf_1662_clk/X                   10     13     -3 (VIOLATED)
fanout10512/X                            10     13     -3 (VIOLATED)
fanout1074/X                             10     13     -3 (VIOLATED)
fanout2020/X                             10     13     -3 (VIOLATED)
fanout2088/X                             10     13     -3 (VIOLATED)
fanout2443/X                             10     13     -3 (VIOLATED)
fanout4706/X                             10     13     -3 (VIOLATED)
wire3784/X                               10     13     -3 (VIOLATED)
_33894_/X                                10     12     -2 (VIOLATED)
_34666_/X                                10     12     -2 (VIOLATED)
_34724_/X                                10     12     -2 (VIOLATED)
_35404_/X                                10     12     -2 (VIOLATED)
_35440_/X                                10     12     -2 (VIOLATED)
_35540_/X                                10     12     -2 (VIOLATED)
_35630_/X                                10     12     -2 (VIOLATED)
_35663_/X                                10     12     -2 (VIOLATED)
_36196_/X                                10     12     -2 (VIOLATED)
_36214_/X                                10     12     -2 (VIOLATED)
_36303_/X                                10     12     -2 (VIOLATED)
_36619_/X                                10     12     -2 (VIOLATED)
_37839_/X                                10     12     -2 (VIOLATED)
_38417_/X                                10     12     -2 (VIOLATED)
_38733_/X                                10     12     -2 (VIOLATED)
_41838_/X                                10     12     -2 (VIOLATED)
_42566_/X                                10     12     -2 (VIOLATED)
_43186_/X                                10     12     -2 (VIOLATED)
_43708_/X                                10     12     -2 (VIOLATED)
_45005_/X                                10     12     -2 (VIOLATED)
_45026_/X                                10     12     -2 (VIOLATED)
_45128_/X                                10     12     -2 (VIOLATED)
_45174_/X                                10     12     -2 (VIOLATED)
_50466_/X                                10     12     -2 (VIOLATED)
_50472_/X                                10     12     -2 (VIOLATED)
_50475_/X                                10     12     -2 (VIOLATED)
_50515_/X                                10     12     -2 (VIOLATED)
_54423_/X                                10     12     -2 (VIOLATED)
_54438_/X                                10     12     -2 (VIOLATED)
_59077_/X                                10     12     -2 (VIOLATED)
_59082_/X                                10     12     -2 (VIOLATED)
_61726_/X                                10     12     -2 (VIOLATED)
_62056_/X                                10     12     -2 (VIOLATED)
clkbuf_8_119_0_clk/X                     10     12     -2 (VIOLATED)
clkbuf_8_130_0_clk/X                     10     12     -2 (VIOLATED)
clkbuf_8_135_0_clk/X                     10     12     -2 (VIOLATED)
clkbuf_8_144_0_clk/X                     10     12     -2 (VIOLATED)
clkbuf_8_14_0_clk/X                      10     12     -2 (VIOLATED)
clkbuf_8_150_0_clk/X                     10     12     -2 (VIOLATED)
clkbuf_8_151_0_clk/X                     10     12     -2 (VIOLATED)
clkbuf_8_154_0_clk/X                     10     12     -2 (VIOLATED)
clkbuf_8_155_0_clk/X                     10     12     -2 (VIOLATED)
clkbuf_8_157_0_clk/X                     10     12     -2 (VIOLATED)
clkbuf_8_164_0_clk/X                     10     12     -2 (VIOLATED)
clkbuf_8_165_0_clk/X                     10     12     -2 (VIOLATED)
clkbuf_8_167_0_clk/X                     10     12     -2 (VIOLATED)
clkbuf_8_169_0_clk/X                     10     12     -2 (VIOLATED)
clkbuf_8_174_0_clk/X                     10     12     -2 (VIOLATED)
clkbuf_8_17_0_clk/X                      10     12     -2 (VIOLATED)
clkbuf_8_182_0_clk/X                     10     12     -2 (VIOLATED)
clkbuf_8_185_0_clk/X                     10     12     -2 (VIOLATED)
clkbuf_8_188_0_clk/X                     10     12     -2 (VIOLATED)
clkbuf_8_191_0_clk/X                     10     12     -2 (VIOLATED)
clkbuf_8_214_0_clk/X                     10     12     -2 (VIOLATED)
clkbuf_8_223_0_clk/X                     10     12     -2 (VIOLATED)
clkbuf_8_227_0_clk/X                     10     12     -2 (VIOLATED)
clkbuf_8_231_0_clk/X                     10     12     -2 (VIOLATED)
clkbuf_8_235_0_clk/X                     10     12     -2 (VIOLATED)
clkbuf_8_240_0_clk/X                     10     12     -2 (VIOLATED)
clkbuf_8_242_0_clk/X                     10     12     -2 (VIOLATED)
clkbuf_8_245_0_clk/X                     10     12     -2 (VIOLATED)
clkbuf_8_24_0_clk/X                      10     12     -2 (VIOLATED)
clkbuf_8_28_0_clk/X                      10     12     -2 (VIOLATED)
clkbuf_8_39_0_clk/X                      10     12     -2 (VIOLATED)
clkbuf_8_48_0_clk/X                      10     12     -2 (VIOLATED)
clkbuf_8_54_0_clk/X                      10     12     -2 (VIOLATED)
clkbuf_8_74_0_clk/X                      10     12     -2 (VIOLATED)
clkbuf_8_7_0_clk/X                       10     12     -2 (VIOLATED)
clkbuf_8_92_0_clk/X                      10     12     -2 (VIOLATED)
clkbuf_8_94_0_clk/X                      10     12     -2 (VIOLATED)
clkbuf_leaf_1316_clk/X                   10     12     -2 (VIOLATED)
clkbuf_leaf_1636_clk/X                   10     12     -2 (VIOLATED)
clkbuf_leaf_1694_clk/X                   10     12     -2 (VIOLATED)
fanout1003/X                             10     12     -2 (VIOLATED)
fanout10504/X                            10     12     -2 (VIOLATED)
fanout1072/X                             10     12     -2 (VIOLATED)
fanout10736/X                            10     12     -2 (VIOLATED)
fanout10946/X                            10     12     -2 (VIOLATED)
fanout11010/X                            10     12     -2 (VIOLATED)
fanout11069/X                            10     12     -2 (VIOLATED)
fanout11289/X                            10     12     -2 (VIOLATED)
fanout11447/X                            10     12     -2 (VIOLATED)
fanout11973/X                            10     12     -2 (VIOLATED)
fanout1370/X                             10     12     -2 (VIOLATED)
fanout1560/X                             10     12     -2 (VIOLATED)
fanout2019/X                             10     12     -2 (VIOLATED)
fanout2087/X                             10     12     -2 (VIOLATED)
fanout2095/X                             10     12     -2 (VIOLATED)
fanout2306/X                             10     12     -2 (VIOLATED)
fanout2416/X                             10     12     -2 (VIOLATED)
fanout2502/X                             10     12     -2 (VIOLATED)
fanout2619/X                             10     12     -2 (VIOLATED)
fanout9097/X                             10     12     -2 (VIOLATED)
fanout9288/X                             10     12     -2 (VIOLATED)
fanout9340/X                             10     12     -2 (VIOLATED)
fanout9413/X                             10     12     -2 (VIOLATED)
fanout9729/X                             10     12     -2 (VIOLATED)
vffram_d0_0.BANK0.m0.m7.m2/X             10     12     -2 (VIOLATED)
wire7034/X                               10     12     -2 (VIOLATED)
RAM512_d1.m0.M[1].MUX[6]/X               10     11        (VIOLATED)
_33532_/X                                10     11        (VIOLATED)
_33556_/X                                10     11        (VIOLATED)
_33576_/X                                10     11        (VIOLATED)
_33577_/X                                10     11        (VIOLATED)
_33616_/Y                                10     11        (VIOLATED)
_33649_/X                                10     11        (VIOLATED)
_33667_/X                                10     11        (VIOLATED)
_33668_/Y                                10     11        (VIOLATED)
_33793_/X                                10     11        (VIOLATED)
_33966_/X                                10     11        (VIOLATED)
_34066_/X                                10     11        (VIOLATED)
_34084_/X                                10     11        (VIOLATED)
_34088_/X                                10     11        (VIOLATED)
_34110_/X                                10     11        (VIOLATED)
_34148_/X                                10     11        (VIOLATED)
_34154_/X                                10     11        (VIOLATED)
_34272_/X                                10     11        (VIOLATED)
_34303_/X                                10     11        (VIOLATED)
_34672_/X                                10     11        (VIOLATED)
_34681_/X                                10     11        (VIOLATED)
_34695_/X                                10     11        (VIOLATED)
_34708_/X                                10     11        (VIOLATED)
_34769_/X                                10     11        (VIOLATED)
_34784_/X                                10     11        (VIOLATED)
_35058_/X                                10     11        (VIOLATED)
_35063_/X                                10     11        (VIOLATED)
_35195_/X                                10     11        (VIOLATED)
_35228_/X                                10     11        (VIOLATED)
_35238_/X                                10     11        (VIOLATED)
_35425_/X                                10     11        (VIOLATED)
_35580_/X                                10     11        (VIOLATED)
_35593_/X                                10     11        (VIOLATED)
_35617_/X                                10     11        (VIOLATED)
_35641_/X                                10     11        (VIOLATED)
_35652_/X                                10     11        (VIOLATED)
_35710_/X                                10     11        (VIOLATED)
_35754_/X                                10     11        (VIOLATED)
_35771_/X                                10     11        (VIOLATED)
_36004_/Y                                10     11        (VIOLATED)
_36025_/X                                10     11        (VIOLATED)
_36038_/X                                10     11        (VIOLATED)
_36139_/X                                10     11        (VIOLATED)
_36238_/X                                10     11        (VIOLATED)
_36262_/X                                10     11        (VIOLATED)
_36286_/X                                10     11        (VIOLATED)
_36291_/X                                10     11        (VIOLATED)
_36319_/X                                10     11        (VIOLATED)
_36409_/X                                10     11        (VIOLATED)
_36491_/X                                10     11        (VIOLATED)
_36567_/X                                10     11        (VIOLATED)
_36581_/X                                10     11        (VIOLATED)
_36647_/X                                10     11        (VIOLATED)
_36658_/X                                10     11        (VIOLATED)
_36660_/X                                10     11        (VIOLATED)
_36666_/X                                10     11        (VIOLATED)
_36865_/X                                10     11        (VIOLATED)
_37419_/X                                10     11        (VIOLATED)
_37993_/X                                10     11        (VIOLATED)
_38061_/X                                10     11        (VIOLATED)
_38324_/X                                10     11        (VIOLATED)
_38347_/X                                10     11        (VIOLATED)
_38351_/X                                10     11        (VIOLATED)
_38359_/X                                10     11        (VIOLATED)
_38380_/X                                10     11        (VIOLATED)
_38383_/X                                10     11        (VIOLATED)
_38397_/X                                10     11        (VIOLATED)
_38401_/X                                10     11        (VIOLATED)
_38410_/X                                10     11        (VIOLATED)
_38864_/X                                10     11        (VIOLATED)
_38884_/X                                10     11        (VIOLATED)
_38899_/X                                10     11        (VIOLATED)
_38962_/X                                10     11        (VIOLATED)
_39044_/X                                10     11        (VIOLATED)
_39077_/X                                10     11        (VIOLATED)
_39149_/X                                10     11        (VIOLATED)
_39738_/X                                10     11        (VIOLATED)
_40865_/X                                10     11        (VIOLATED)
_40933_/X                                10     11        (VIOLATED)
_41139_/X                                10     11        (VIOLATED)
_41164_/X                                10     11        (VIOLATED)
_41298_/X                                10     11        (VIOLATED)
_41378_/X                                10     11        (VIOLATED)
_41673_/X                                10     11        (VIOLATED)
_41828_/X                                10     11        (VIOLATED)
_41837_/X                                10     11        (VIOLATED)
_42326_/X                                10     11        (VIOLATED)
_42327_/X                                10     11        (VIOLATED)
_42330_/X                                10     11        (VIOLATED)
_42344_/X                                10     11        (VIOLATED)
_42348_/X                                10     11        (VIOLATED)
_42351_/X                                10     11        (VIOLATED)
_42365_/X                                10     11        (VIOLATED)
_42377_/X                                10     11        (VIOLATED)
_42379_/X                                10     11        (VIOLATED)
_43112_/X                                10     11        (VIOLATED)
_43180_/X                                10     11        (VIOLATED)
_43184_/X                                10     11        (VIOLATED)
_43516_/X                                10     11        (VIOLATED)
_45004_/X                                10     11        (VIOLATED)
_45157_/X                                10     11        (VIOLATED)
_45229_/X                                10     11        (VIOLATED)
_45442_/X                                10     11        (VIOLATED)
_45554_/X                                10     11        (VIOLATED)
_47467_/X                                10     11        (VIOLATED)
_50484_/X                                10     11        (VIOLATED)
_50488_/X                                10     11        (VIOLATED)
_50491_/X                                10     11        (VIOLATED)
_50528_/X                                10     11        (VIOLATED)
_50537_/X                                10     11        (VIOLATED)
_50785_/X                                10     11        (VIOLATED)
_50990_/X                                10     11        (VIOLATED)
_53907_/X                                10     11        (VIOLATED)
_54432_/X                                10     11        (VIOLATED)
_54441_/X                                10     11        (VIOLATED)
_54444_/X                                10     11        (VIOLATED)
_54516_/X                                10     11        (VIOLATED)
_54549_/X                                10     11        (VIOLATED)
_55318_/X                                10     11        (VIOLATED)
_56051_/X                                10     11        (VIOLATED)
_56308_/X                                10     11        (VIOLATED)
_56434_/X                                10     11        (VIOLATED)
_57040_/X                                10     11        (VIOLATED)
_57057_/X                                10     11        (VIOLATED)
_57075_/X                                10     11        (VIOLATED)
_57119_/X                                10     11        (VIOLATED)
_57399_/X                                10     11        (VIOLATED)
_57475_/X                                10     11        (VIOLATED)
_58447_/X                                10     11        (VIOLATED)
_58504_/X                                10     11        (VIOLATED)
_59076_/X                                10     11        (VIOLATED)
_59176_/X                                10     11        (VIOLATED)
_59189_/X                                10     11        (VIOLATED)
_59251_/X                                10     11        (VIOLATED)
_59462_/X                                10     11        (VIOLATED)
_60190_/X                                10     11        (VIOLATED)
_60191_/X                                10     11        (VIOLATED)
_60523_/X                                10     11        (VIOLATED)
_61373_/X                                10     11        (VIOLATED)
_62719_/X                                10     11        (VIOLATED)
_62728_/X                                10     11        (VIOLATED)
_62844_/X                                10     11        (VIOLATED)
_62845_/X                                10     11        (VIOLATED)
_62928_/X                                10     11        (VIOLATED)
_66247_/X                                10     11        (VIOLATED)
_66302_/X                                10     11        (VIOLATED)
_70463_/Q                                10     11        (VIOLATED)
_72513_/Q                                10     11        (VIOLATED)
clkbuf_8_132_0_clk/X                     10     11        (VIOLATED)
clkbuf_8_134_0_clk/X                     10     11        (VIOLATED)
clkbuf_8_137_0_clk/X                     10     11        (VIOLATED)
clkbuf_8_13_0_clk/X                      10     11        (VIOLATED)
clkbuf_8_147_0_clk/X                     10     11        (VIOLATED)
clkbuf_8_149_0_clk/X                     10     11        (VIOLATED)
clkbuf_8_152_0_clk/X                     10     11        (VIOLATED)
clkbuf_8_153_0_clk/X                     10     11        (VIOLATED)
clkbuf_8_159_0_clk/X                     10     11        (VIOLATED)
clkbuf_8_163_0_clk/X                     10     11        (VIOLATED)
clkbuf_8_177_0_clk/X                     10     11        (VIOLATED)
clkbuf_8_181_0_clk/X                     10     11        (VIOLATED)
clkbuf_8_183_0_clk/X                     10     11        (VIOLATED)
clkbuf_8_187_0_clk/X                     10     11        (VIOLATED)
clkbuf_8_189_0_clk/X                     10     11        (VIOLATED)
clkbuf_8_192_0_clk/X                     10     11        (VIOLATED)
clkbuf_8_195_0_clk/X                     10     11        (VIOLATED)
clkbuf_8_202_0_clk/X                     10     11        (VIOLATED)
clkbuf_8_205_0_clk/X                     10     11        (VIOLATED)
clkbuf_8_209_0_clk/X                     10     11        (VIOLATED)
clkbuf_8_215_0_clk/X                     10     11        (VIOLATED)
clkbuf_8_224_0_clk/X                     10     11        (VIOLATED)
clkbuf_8_228_0_clk/X                     10     11        (VIOLATED)
clkbuf_8_229_0_clk/X                     10     11        (VIOLATED)
clkbuf_8_237_0_clk/X                     10     11        (VIOLATED)
clkbuf_8_238_0_clk/X                     10     11        (VIOLATED)
clkbuf_8_239_0_clk/X                     10     11        (VIOLATED)
clkbuf_8_244_0_clk/X                     10     11        (VIOLATED)
clkbuf_8_248_0_clk/X                     10     11        (VIOLATED)
clkbuf_8_249_0_clk/X                     10     11        (VIOLATED)
clkbuf_8_250_0_clk/X                     10     11        (VIOLATED)
clkbuf_8_252_0_clk/X                     10     11        (VIOLATED)
clkbuf_8_254_0_clk/X                     10     11        (VIOLATED)
clkbuf_8_36_0_clk/X                      10     11        (VIOLATED)
clkbuf_8_37_0_clk/X                      10     11        (VIOLATED)
clkbuf_8_3_0_clk/X                       10     11        (VIOLATED)
clkbuf_8_41_0_clk/X                      10     11        (VIOLATED)
clkbuf_8_51_0_clk/X                      10     11        (VIOLATED)
clkbuf_8_56_0_clk/X                      10     11        (VIOLATED)
clkbuf_8_65_0_clk/X                      10     11        (VIOLATED)
clkbuf_8_66_0_clk/X                      10     11        (VIOLATED)
clkbuf_8_67_0_clk/X                      10     11        (VIOLATED)
clkbuf_8_83_0_clk/X                      10     11        (VIOLATED)
clkbuf_8_89_0_clk/X                      10     11        (VIOLATED)
clkbuf_8_9_0_clk/X                       10     11        (VIOLATED)
clkbuf_leaf_1176_clk/X                   10     11        (VIOLATED)
clkbuf_leaf_1272_clk/X                   10     11        (VIOLATED)
clkbuf_leaf_1282_clk/X                   10     11        (VIOLATED)
clkbuf_leaf_1344_clk/X                   10     11        (VIOLATED)
clkbuf_leaf_1362_clk/X                   10     11        (VIOLATED)
clkbuf_leaf_1536_clk/X                   10     11        (VIOLATED)
clkbuf_leaf_1697_clk/X                   10     11        (VIOLATED)
clkbuf_leaf_1739_clk/X                   10     11        (VIOLATED)
clkbuf_leaf_386_clk/X                    10     11        (VIOLATED)
clkbuf_leaf_462_clk/X                    10     11        (VIOLATED)
clkbuf_leaf_539_clk/X                    10     11        (VIOLATED)
clkbuf_leaf_605_clk/X                    10     11        (VIOLATED)
fanout1000/X                             10     11        (VIOLATED)
fanout1007/X                             10     11        (VIOLATED)
fanout10070/X                            10     11        (VIOLATED)
fanout10143/X                            10     11        (VIOLATED)
fanout1028/X                             10     11        (VIOLATED)
fanout10301/X                            10     11        (VIOLATED)
fanout10327/X                            10     11        (VIOLATED)
fanout10335/X                            10     11        (VIOLATED)
fanout10346/X                            10     11        (VIOLATED)
fanout10424/X                            10     11        (VIOLATED)
fanout10426/X                            10     11        (VIOLATED)
fanout10491/X                            10     11        (VIOLATED)
fanout10529/X                            10     11        (VIOLATED)
fanout10564/X                            10     11        (VIOLATED)
fanout10570/X                            10     11        (VIOLATED)
fanout10605/X                            10     11        (VIOLATED)
fanout10606/X                            10     11        (VIOLATED)
fanout10608/X                            10     11        (VIOLATED)
fanout10650/X                            10     11        (VIOLATED)
fanout10665/X                            10     11        (VIOLATED)
fanout10700/X                            10     11        (VIOLATED)
fanout10733/X                            10     11        (VIOLATED)
fanout10748/X                            10     11        (VIOLATED)
fanout1077/X                             10     11        (VIOLATED)
fanout10777/X                            10     11        (VIOLATED)
fanout10785/X                            10     11        (VIOLATED)
fanout10802/X                            10     11        (VIOLATED)
fanout10830/X                            10     11        (VIOLATED)
fanout10859/X                            10     11        (VIOLATED)
fanout10897/X                            10     11        (VIOLATED)
fanout10912/X                            10     11        (VIOLATED)
fanout10926/X                            10     11        (VIOLATED)
fanout10955/X                            10     11        (VIOLATED)
fanout10964/X                            10     11        (VIOLATED)
fanout11001/X                            10     11        (VIOLATED)
fanout11005/X                            10     11        (VIOLATED)
fanout11045/X                            10     11        (VIOLATED)
fanout11080/X                            10     11        (VIOLATED)
fanout11138/X                            10     11        (VIOLATED)
fanout1115/X                             10     11        (VIOLATED)
fanout11151/X                            10     11        (VIOLATED)
fanout11226/X                            10     11        (VIOLATED)
fanout11261/X                            10     11        (VIOLATED)
fanout11275/X                            10     11        (VIOLATED)
fanout11316/X                            10     11        (VIOLATED)
fanout1134/X                             10     11        (VIOLATED)
fanout11482/X                            10     11        (VIOLATED)
fanout11581/X                            10     11        (VIOLATED)
fanout11628/X                            10     11        (VIOLATED)
fanout11687/X                            10     11        (VIOLATED)
fanout11691/X                            10     11        (VIOLATED)
fanout11696/X                            10     11        (VIOLATED)
fanout11712/X                            10     11        (VIOLATED)
fanout11730/X                            10     11        (VIOLATED)
fanout11759/X                            10     11        (VIOLATED)
fanout11800/X                            10     11        (VIOLATED)
fanout11805/X                            10     11        (VIOLATED)
fanout11869/X                            10     11        (VIOLATED)
fanout11949/X                            10     11        (VIOLATED)
fanout11963/X                            10     11        (VIOLATED)
fanout11977/X                            10     11        (VIOLATED)
fanout1248/X                             10     11        (VIOLATED)
fanout1256/X                             10     11        (VIOLATED)
fanout1268/X                             10     11        (VIOLATED)
fanout129/X                              10     11        (VIOLATED)
fanout1314/X                             10     11        (VIOLATED)
fanout1361/X                             10     11        (VIOLATED)
fanout1373/X                             10     11        (VIOLATED)
fanout1383/X                             10     11        (VIOLATED)
fanout1459/X                             10     11        (VIOLATED)
fanout1476/X                             10     11        (VIOLATED)
fanout1582/X                             10     11        (VIOLATED)
fanout1603/X                             10     11        (VIOLATED)
fanout1655/X                             10     11        (VIOLATED)
fanout1706/X                             10     11        (VIOLATED)
fanout1747/X                             10     11        (VIOLATED)
fanout1818/X                             10     11        (VIOLATED)
fanout1826/X                             10     11        (VIOLATED)
fanout1883/X                             10     11        (VIOLATED)
fanout1890/X                             10     11        (VIOLATED)
fanout1892/X                             10     11        (VIOLATED)
fanout1901/X                             10     11        (VIOLATED)
fanout1903/X                             10     11        (VIOLATED)
fanout1944/X                             10     11        (VIOLATED)
fanout2025/X                             10     11        (VIOLATED)
fanout2092/X                             10     11        (VIOLATED)
fanout2098/X                             10     11        (VIOLATED)
fanout2112/X                             10     11        (VIOLATED)
fanout2153/X                             10     11        (VIOLATED)
fanout2159/X                             10     11        (VIOLATED)
fanout2160/X                             10     11        (VIOLATED)
fanout2163/X                             10     11        (VIOLATED)
fanout2168/X                             10     11        (VIOLATED)
fanout2172/X                             10     11        (VIOLATED)
fanout2185/X                             10     11        (VIOLATED)
fanout219/X                              10     11        (VIOLATED)
fanout2199/X                             10     11        (VIOLATED)
fanout2208/X                             10     11        (VIOLATED)
fanout2251/X                             10     11        (VIOLATED)
fanout2254/X                             10     11        (VIOLATED)
fanout2302/X                             10     11        (VIOLATED)
fanout2320/X                             10     11        (VIOLATED)
fanout2418/X                             10     11        (VIOLATED)
fanout2468/X                             10     11        (VIOLATED)
fanout2480/X                             10     11        (VIOLATED)
fanout2490/X                             10     11        (VIOLATED)
fanout2520/X                             10     11        (VIOLATED)
fanout2636/X                             10     11        (VIOLATED)
fanout2655/X                             10     11        (VIOLATED)
fanout2672/X                             10     11        (VIOLATED)
fanout2699/X                             10     11        (VIOLATED)
fanout2703/X                             10     11        (VIOLATED)
fanout2741/X                             10     11        (VIOLATED)
fanout2852/X                             10     11        (VIOLATED)
fanout2860/X                             10     11        (VIOLATED)
fanout2906/X                             10     11        (VIOLATED)
fanout2961/X                             10     11        (VIOLATED)
fanout301/X                              10     11        (VIOLATED)
fanout3108/X                             10     11        (VIOLATED)
fanout3193/X                             10     11        (VIOLATED)
fanout3210/X                             10     11        (VIOLATED)
fanout3225/X                             10     11        (VIOLATED)
fanout348/X                              10     11        (VIOLATED)
fanout3688/X                             10     11        (VIOLATED)
fanout3968/X                             10     11        (VIOLATED)
fanout3973/X                             10     11        (VIOLATED)
fanout4275/X                             10     11        (VIOLATED)
fanout433/X                              10     11        (VIOLATED)
fanout440/X                              10     11        (VIOLATED)
fanout4665/X                             10     11        (VIOLATED)
fanout4711/X                             10     11        (VIOLATED)
fanout4751/X                             10     11        (VIOLATED)
fanout4752/X                             10     11        (VIOLATED)
fanout4754/X                             10     11        (VIOLATED)
fanout4773/X                             10     11        (VIOLATED)
fanout4837/X                             10     11        (VIOLATED)
fanout5772/X                             10     11        (VIOLATED)
fanout5790/X                             10     11        (VIOLATED)
fanout5796/X                             10     11        (VIOLATED)
fanout5798/X                             10     11        (VIOLATED)
fanout5801/X                             10     11        (VIOLATED)
fanout5831/X                             10     11        (VIOLATED)
fanout5859/X                             10     11        (VIOLATED)
fanout5887/X                             10     11        (VIOLATED)
fanout5895/X                             10     11        (VIOLATED)
fanout5898/X                             10     11        (VIOLATED)
fanout5918/X                             10     11        (VIOLATED)
fanout5925/X                             10     11        (VIOLATED)
fanout5935/X                             10     11        (VIOLATED)
fanout6009/X                             10     11        (VIOLATED)
fanout6013/X                             10     11        (VIOLATED)
fanout6040/X                             10     11        (VIOLATED)
fanout6062/X                             10     11        (VIOLATED)
fanout6076/X                             10     11        (VIOLATED)
fanout6112/X                             10     11        (VIOLATED)
fanout612/X                              10     11        (VIOLATED)
fanout6120/X                             10     11        (VIOLATED)
fanout6122/X                             10     11        (VIOLATED)
fanout614/X                              10     11        (VIOLATED)
fanout6168/X                             10     11        (VIOLATED)
fanout617/X                              10     11        (VIOLATED)
fanout723/X                              10     11        (VIOLATED)
fanout749/X                              10     11        (VIOLATED)
fanout767/X                              10     11        (VIOLATED)
fanout8041/X                             10     11        (VIOLATED)
fanout832/X                              10     11        (VIOLATED)
fanout8399/X                             10     11        (VIOLATED)
fanout8423/X                             10     11        (VIOLATED)
fanout852/X                              10     11        (VIOLATED)
fanout869/X                              10     11        (VIOLATED)
fanout871/X                              10     11        (VIOLATED)
fanout9303/X                             10     11        (VIOLATED)
fanout9307/X                             10     11        (VIOLATED)
fanout934/X                              10     11        (VIOLATED)
fanout9358/X                             10     11        (VIOLATED)
fanout9372/X                             10     11        (VIOLATED)
fanout9392/X                             10     11        (VIOLATED)
fanout9399/X                             10     11        (VIOLATED)
fanout9479/X                             10     11        (VIOLATED)
fanout9486/X                             10     11        (VIOLATED)
fanout9571/X                             10     11        (VIOLATED)
fanout9587/X                             10     11        (VIOLATED)
fanout9601/X                             10     11        (VIOLATED)
fanout9627/X                             10     11        (VIOLATED)
fanout9645/X                             10     11        (VIOLATED)
fanout9664/X                             10     11        (VIOLATED)
fanout9730/X                             10     11        (VIOLATED)
fanout9777/X                             10     11        (VIOLATED)
fanout9779/X                             10     11        (VIOLATED)
fanout9805/X                             10     11        (VIOLATED)
fanout9910/X                             10     11        (VIOLATED)
fanout9989/X                             10     11        (VIOLATED)
input34/X                                10     11        (VIOLATED)


===========================================================================
max slew violation count 0
max fanout violation count 736
max cap violation count 0
============================================================================
