[INFO]: Preparing LEF files for the nom corner...
[INFO]: Preparing LEF files for the min corner...
[INFO]: Preparing LEF files for the max corner...
[INFO]: Running Synthesis (log: designs/kizil_islemci/runs/v1/logs/synthesis/1-synthesis.log)...
[INFO]: Running Single-Corner Static Timing Analysis (log: designs/kizil_islemci/runs/v1/logs/synthesis/2-sta.log)...
[INFO]: Running Initial Floorplanning (log: designs/kizil_islemci/runs/v1/logs/floorplan/3-initial_fp.log)...
[INFO]: Floorplanned with width 2488.6 and height 2477.92.
[INFO]: Running IO Placement...
[INFO]: Running Tap/Decap Insertion (log: designs/kizil_islemci/runs/v1/logs/floorplan/5-tap.log)...
[INFO]: Power planning with power {VPWR} and ground {VGND}...
[INFO]: Generating PDN (log: designs/kizil_islemci/runs/v1/logs/floorplan/6-pdn.log)...
[INFO]: Running Global Placement (log: designs/kizil_islemci/runs/v1/logs/placement/7-global.log)...
[INFO]: Running Placement Resizer Design Optimizations (log: designs/kizil_islemci/runs/v1/logs/placement/8-resizer.log)...
[INFO]: Running Detailed Placement (log: designs/kizil_islemci/runs/v1/logs/placement/9-detailed.log)...
[INFO]: Running Clock Tree Synthesis (log: designs/kizil_islemci/runs/v1/logs/cts/10-cts.log)...
[INFO]: Running Placement Resizer Timing Optimizations (log: designs/kizil_islemci/runs/v1/logs/cts/11-resizer.log)...
[INFO]: Running Global Routing Resizer Design Optimizations (log: designs/kizil_islemci/runs/v1/logs/routing/12-resizer_design.log)...
[INFO]: Running Global Routing Resizer Timing Optimizations (log: designs/kizil_islemci/runs/v1/logs/routing/13-resizer_timing.log)...
[INFO]: Running Detailed Placement (log: designs/kizil_islemci/runs/v1/logs/routing/14-diode_legalization.log)...
[INFO]: Running Global Routing (log: designs/kizil_islemci/runs/v1/logs/routing/15-global.log)...
[INFO]: Starting OpenROAD Antenna Repair Iterations...
[INFO]: Writing Verilog (log: designs/kizil_islemci/runs/v1/logs/routing/15-global_write_netlist.log)...
[INFO]: Running Fill Insertion (log: designs/kizil_islemci/runs/v1/logs/routing/17-fill.log)...
[INFO]: Running Detailed Routing (log: designs/kizil_islemci/runs/v1/logs/routing/18-detailed.log)...
[INFO]: No DRC violations after detailed routing.
[INFO]: Checking Wire Lengths (log: designs/kizil_islemci/runs/v1/logs/routing/19-wire_lengths.log)...
[INFO]: Running SPEF Extraction at the min process corner (log: designs/kizil_islemci/runs/v1/logs/signoff/20-parasitics_extraction.min.log)...
[INFO]: Running Multi-Corner Static Timing Analysis at the min process corner (log: designs/kizil_islemci/runs/v1/logs/signoff/21-rcx_mcsta.min.log)...
[INFO]: Running SPEF Extraction at the max process corner (log: designs/kizil_islemci/runs/v1/logs/signoff/22-parasitics_extraction.max.log)...
[INFO]: Running Multi-Corner Static Timing Analysis at the max process corner (log: designs/kizil_islemci/runs/v1/logs/signoff/23-rcx_mcsta.max.log)...
[INFO]: Running SPEF Extraction at the nom process corner (log: designs/kizil_islemci/runs/v1/logs/signoff/24-parasitics_extraction.nom.log)...
[INFO]: Running Multi-Corner Static Timing Analysis at the nom process corner (log: designs/kizil_islemci/runs/v1/logs/signoff/25-rcx_mcsta.nom.log)...
[INFO]: Running Single-Corner Static Timing Analysis at the nom process corner (log: designs/kizil_islemci/runs/v1/logs/signoff/26-rcx_sta.log)...
[INFO]: Creating IR Drop Report (log: designs/kizil_islemci/runs/v1/logs/signoff/27-irdrop.log)...
[INFO]: Running Magic to generate various views...
[INFO]: Streaming out GDSII with Magic (log: designs/kizil_islemci/runs/v1/logs/signoff/28-gdsii.log)...
[INFO]: Generating MAGLEF views...
[INFO]: Streaming out GDSII with KLayout (log: designs/kizil_islemci/runs/v1/logs/signoff/29-gdsii-klayout.log)...
[INFO]: Running XOR on the layouts using KLayout (log: designs/kizil_islemci/runs/v1/logs/signoff/30-xor.log)...
[INFO]: No XOR differences between KLayout and Magic gds.
[INFO]: Running Magic Spice Export from LEF (log: designs/kizil_islemci/runs/v1/logs/signoff/31-spice.log)...
[INFO]: Writing Powered Verilog (logs: designs/kizil_islemci/runs/v1/logs/signoff/32-write_powered_def.log, designs/kizil_islemci/runs/v1/logs/signoff/32-write_powered_verilog.log)...
[INFO]: Writing Verilog (log: designs/kizil_islemci/runs/v1/logs/signoff/32-write_powered_verilog.log)...
[INFO]: Running LVS (log: designs/kizil_islemci/runs/v1/logs/signoff/34-lvs.lef.log)...
[INFO]: Running Magic DRC (log: designs/kizil_islemci/runs/v1/logs/signoff/35-drc.log)...
[INFO]: Converting Magic DRC database to various tool-readable formats...
[INFO]: No DRC violations after GDS streaming out.
[INFO]: Running OpenROAD Antenna Rule Checker (log: designs/kizil_islemci/runs/v1/logs/signoff/36-antenna.log)...
[INFO]: Running Circuit Validity Checker ERC (log: designs/kizil_islemci/runs/v1/logs/signoff/37-erc_screen.log)...
[INFO]: Saving current set of views in 'designs/kizil_islemci/runs/v1/results/final'...
[INFO]: Saving runtime environment...
[INFO]: Generating final set of reports...
[INFO]: Created manufacturability report at 'designs/kizil_islemci/runs/v1/reports/manufacturability.rpt'.
[INFO]: Created metrics report at 'designs/kizil_islemci/runs/v1/reports/metrics.csv'.
[WARNING]: There are max fanout violations in the design at the typical corner. Please refer to 'designs/kizil_islemci/runs/v1/reports/signoff/26-rcx_sta.slew.rpt'.
[INFO]: There are no hold violations in the design at the typical corner.
[INFO]: There are no setup violations in the design at the typical corner.
[SUCCESS]: Flow complete.
[INFO]: Note that the following warnings have been generated:
