
70. Printing statistics.

=== user_processor ===

   Number of wires:             123166
   Number of wire bits:         123262
   Number of public wires:       89660
   Number of public wire bits:   89756
   Number of memories:               0
   Number of memory bits:            0
   Number of processes:              0
   Number of cells:             123289
     sky130_fd_sc_hd__a2111o_2      30
     sky130_fd_sc_hd__a2111oi_2      5
     sky130_fd_sc_hd__a211o_2      487
     sky130_fd_sc_hd__a211oi_2      40
     sky130_fd_sc_hd__a21bo_2      143
     sky130_fd_sc_hd__a21boi_2      67
     sky130_fd_sc_hd__a21o_1        96
     sky130_fd_sc_hd__a21o_2      1816
     sky130_fd_sc_hd__a21oi_2      744
     sky130_fd_sc_hd__a221o_2      534
     sky130_fd_sc_hd__a221oi_2      18
     sky130_fd_sc_hd__a22o_2      1668
     sky130_fd_sc_hd__a22oi_2       30
     sky130_fd_sc_hd__a2bb2o_2     142
     sky130_fd_sc_hd__a2bb2oi_2      1
     sky130_fd_sc_hd__a311o_2       38
     sky130_fd_sc_hd__a311oi_2       6
     sky130_fd_sc_hd__a31o_2       567
     sky130_fd_sc_hd__a31oi_2       13
     sky130_fd_sc_hd__a32o_2        77
     sky130_fd_sc_hd__a32oi_2        1
     sky130_fd_sc_hd__a41o_2        18
     sky130_fd_sc_hd__and2_1      5467
     sky130_fd_sc_hd__and2_2      1257
     sky130_fd_sc_hd__and2b_2      225
     sky130_fd_sc_hd__and3_2       720
     sky130_fd_sc_hd__and3b_2      432
     sky130_fd_sc_hd__and4_2       775
     sky130_fd_sc_hd__and4b_2     2169
     sky130_fd_sc_hd__and4bb_2    2098
     sky130_fd_sc_hd__buf_1       5811
     sky130_fd_sc_hd__buf_2          3
     sky130_fd_sc_hd__clkbuf_2    2860
     sky130_fd_sc_hd__conb_1       191
     sky130_fd_sc_hd__dfxtp_2     5723
     sky130_fd_sc_hd__dfxtp_4    42752
     sky130_fd_sc_hd__diode_2       64
     sky130_fd_sc_hd__dlclkp_1    5376
     sky130_fd_sc_hd__dlxtn_1       19
     sky130_fd_sc_hd__inv_2       1020
     sky130_fd_sc_hd__mux2_1      9584
     sky130_fd_sc_hd__mux2_2      4403
     sky130_fd_sc_hd__mux4_1     11022
     sky130_fd_sc_hd__mux4_2      1040
     sky130_fd_sc_hd__nand2_2     1751
     sky130_fd_sc_hd__nand2b_2       9
     sky130_fd_sc_hd__nand3_2      105
     sky130_fd_sc_hd__nand3b_2      10
     sky130_fd_sc_hd__nand4_2       39
     sky130_fd_sc_hd__nor2_2      2240
     sky130_fd_sc_hd__nor2b_2        9
     sky130_fd_sc_hd__nor3_2        83
     sky130_fd_sc_hd__nor3b_2      220
     sky130_fd_sc_hd__nor4_2        17
     sky130_fd_sc_hd__nor4b_2      715
     sky130_fd_sc_hd__o2111a_2      21
     sky130_fd_sc_hd__o2111ai_2      1
     sky130_fd_sc_hd__o211a_2     1664
     sky130_fd_sc_hd__o211ai_2      36
     sky130_fd_sc_hd__o21a_2       742
     sky130_fd_sc_hd__o21ai_2      498
     sky130_fd_sc_hd__o21ba_2       95
     sky130_fd_sc_hd__o21bai_2      39
     sky130_fd_sc_hd__o221a_2      467
     sky130_fd_sc_hd__o221ai_2      30
     sky130_fd_sc_hd__o22a_2       351
     sky130_fd_sc_hd__o22ai_2       41
     sky130_fd_sc_hd__o2bb2a_2     120
     sky130_fd_sc_hd__o311a_2       70
     sky130_fd_sc_hd__o311ai_2       3
     sky130_fd_sc_hd__o31a_2        81
     sky130_fd_sc_hd__o31ai_2       22
     sky130_fd_sc_hd__o32a_2        48
     sky130_fd_sc_hd__o32ai_2        4
     sky130_fd_sc_hd__o41a_2         3
     sky130_fd_sc_hd__o41ai_2        1
     sky130_fd_sc_hd__or2_2       2091
     sky130_fd_sc_hd__or2b_2       177
     sky130_fd_sc_hd__or3_2        367
     sky130_fd_sc_hd__or3b_2        98
     sky130_fd_sc_hd__or4_2        191
     sky130_fd_sc_hd__or4b_2        95
     sky130_fd_sc_hd__or4bb_2       10
     sky130_fd_sc_hd__xnor2_1       32
     sky130_fd_sc_hd__xnor2_2      780
     sky130_fd_sc_hd__xor2_1        63
     sky130_fd_sc_hd__xor2_2       298

   Area for cell type \sky130_fd_sc_hd__a21o_1 is unknown!
   Area for cell type \sky130_fd_sc_hd__and2_1 is unknown!
   Area for cell type \sky130_fd_sc_hd__clkbuf_2 is unknown!
   Area for cell type \sky130_fd_sc_hd__diode_2 is unknown!
   Area for cell type \sky130_fd_sc_hd__dlclkp_1 is unknown!
   Area for cell type \sky130_fd_sc_hd__xnor2_1 is unknown!
   Area for cell type \sky130_fd_sc_hd__xor2_1 is unknown!

   Chip area for module '\user_processor': 1900099.846399

