
===========================================================================
report_checks -unconstrained
============================================================================
Startpoint: _72481_ (rising edge-triggered flip-flop clocked by clk)
Endpoint: _72480_ (rising edge-triggered flip-flop clocked by clk)
Path Group: clk
Path Type: max

Fanout     Cap    Slew   Delay    Time   Description
-----------------------------------------------------------------------------
                          0.00    0.00   clock clk (rise edge)
                          0.00    0.00   clock source latency
                  0.63    0.52    0.52 ^ clk (in)
     1    0.14                           clk (net)
                  0.65    0.00    0.52 ^ clkbuf_0_clk/A (sky130_fd_sc_hd__clkbuf_16)
                  0.10    0.33    0.84 ^ clkbuf_0_clk/X (sky130_fd_sc_hd__clkbuf_16)
     2    0.07                           clknet_0_clk (net)
                  0.10    0.01    0.85 ^ clkbuf_1_1_0_clk/A (sky130_fd_sc_hd__clkbuf_8)
                  0.11    0.20    1.05 ^ clkbuf_1_1_0_clk/X (sky130_fd_sc_hd__clkbuf_8)
     2    0.06                           clknet_1_1_0_clk (net)
                  0.11    0.01    1.06 ^ clkbuf_2_3_0_clk/A (sky130_fd_sc_hd__clkbuf_8)
                  0.09    0.20    1.26 ^ clkbuf_2_3_0_clk/X (sky130_fd_sc_hd__clkbuf_8)
     1    0.05                           clknet_2_3_0_clk (net)
                  0.09    0.01    1.27 ^ clkbuf_2_3_1_clk/A (sky130_fd_sc_hd__clkbuf_8)
                  0.16    0.24    1.51 ^ clkbuf_2_3_1_clk/X (sky130_fd_sc_hd__clkbuf_8)
     4    0.09                           clknet_2_3_1_clk (net)
                  0.16    0.01    1.52 ^ clkbuf_4_13_0_clk/A (sky130_fd_sc_hd__clkbuf_8)
                  0.10    0.21    1.74 ^ clkbuf_4_13_0_clk/X (sky130_fd_sc_hd__clkbuf_8)
     2    0.05                           clknet_4_13_0_clk (net)
                  0.10    0.01    1.75 ^ clkbuf_5_26_0_clk/A (sky130_fd_sc_hd__clkbuf_8)
                  0.17    0.25    2.00 ^ clkbuf_5_26_0_clk/X (sky130_fd_sc_hd__clkbuf_8)
     8    0.10                           clknet_5_26_0_clk (net)
                  0.17    0.00    2.00 ^ clkbuf_8_208_0_clk/A (sky130_fd_sc_hd__clkbuf_8)
                  0.15    0.26    2.27 ^ clkbuf_8_208_0_clk/X (sky130_fd_sc_hd__clkbuf_8)
     8    0.08                           clknet_8_208_0_clk (net)
                  0.15    0.00    2.27 ^ clkbuf_leaf_1650_clk/A (sky130_fd_sc_hd__clkbuf_16)
                  0.03    0.15    2.42 ^ clkbuf_leaf_1650_clk/X (sky130_fd_sc_hd__clkbuf_16)
     2    0.00                           clknet_leaf_1650_clk (net)
                  0.03    0.00    2.42 ^ _72481_/CLK (sky130_fd_sc_hd__dfxtp_4)
                  0.16    0.45    2.87 ^ _72481_/Q (sky130_fd_sc_hd__dfxtp_4)
    10    0.05                           isl_blksiz.cek.arka_taraf_dut.coz_yazmacoku_dut.yrt_deger2_o[0] (net)
                  0.16    0.00    2.87 ^ _33526_/A (sky130_fd_sc_hd__clkbuf_4)
                  0.13    0.26    3.13 ^ _33526_/X (sky130_fd_sc_hd__clkbuf_4)
    10    0.04                           _05780_ (net)
                  0.13    0.00    3.13 ^ _33527_/A (sky130_fd_sc_hd__clkbuf_4)
                  0.13    0.24    3.37 ^ _33527_/X (sky130_fd_sc_hd__clkbuf_4)
    10    0.04                           _05781_ (net)
                  0.13    0.00    3.37 ^ _33528_/A (sky130_fd_sc_hd__clkbuf_4)
                  0.13    0.24    3.61 ^ _33528_/X (sky130_fd_sc_hd__clkbuf_4)
    10    0.04                           _05782_ (net)
                  0.13    0.00    3.61 ^ _33529_/A (sky130_fd_sc_hd__buf_2)
                  0.17    0.24    3.86 ^ _33529_/X (sky130_fd_sc_hd__buf_2)
    10    0.03                           _05783_ (net)
                  0.17    0.00    3.86 ^ _33629_/A (sky130_fd_sc_hd__clkbuf_4)
                  0.13    0.26    4.12 ^ _33629_/X (sky130_fd_sc_hd__clkbuf_4)
    10    0.04                           _05882_ (net)
                  0.13    0.00    4.12 ^ _33814_/A (sky130_fd_sc_hd__clkbuf_4)
                  0.13    0.24    4.36 ^ _33814_/X (sky130_fd_sc_hd__clkbuf_4)
    10    0.04                           _06062_ (net)
                  0.13    0.00    4.36 ^ _35267_/S (sky130_fd_sc_hd__mux2_1)
                  0.07    0.37    4.73 v _35267_/X (sky130_fd_sc_hd__mux2_1)
     3    0.01                           _07457_ (net)
                  0.07    0.00    4.73 v _36148_/A1 (sky130_fd_sc_hd__mux4_1)
                  0.10    0.55    5.28 v _36148_/X (sky130_fd_sc_hd__mux4_1)
     1    0.01                           _08276_ (net)
                  0.10    0.00    5.28 v _36149_/B1 (sky130_fd_sc_hd__a22oi_1)
                  0.20    0.20    5.48 ^ _36149_/Y (sky130_fd_sc_hd__a22oi_1)
     1    0.01                           _08277_ (net)
                  0.20    0.00    5.48 ^ _36150_/A (sky130_fd_sc_hd__inv_2)
                  0.05    0.06    5.54 v _36150_/Y (sky130_fd_sc_hd__inv_2)
     2    0.01                           _08278_ (net)
                  0.05    0.00    5.55 v _36151_/B1 (sky130_fd_sc_hd__a21o_1)
                  0.03    0.16    5.70 v _36151_/X (sky130_fd_sc_hd__a21o_1)
     1    0.00                           _08279_ (net)
                  0.03    0.00    5.70 v _36153_/B1 (sky130_fd_sc_hd__a22o_1)
                  0.04    0.18    5.88 v _36153_/X (sky130_fd_sc_hd__a22o_1)
     1    0.00                           _08281_ (net)
                  0.04    0.00    5.88 v _36156_/A2 (sky130_fd_sc_hd__o211a_1)
                  0.05    0.22    6.10 v _36156_/X (sky130_fd_sc_hd__o211a_1)
     1    0.00                           _08284_ (net)
                  0.05    0.00    6.10 v _36157_/B1 (sky130_fd_sc_hd__a31o_1)
                  0.07    0.23    6.33 v _36157_/X (sky130_fd_sc_hd__a31o_1)
     2    0.01                           _08285_ (net)
                  0.07    0.00    6.33 v _36163_/A3 (sky130_fd_sc_hd__a31o_1)
                  0.04    0.24    6.57 v _36163_/X (sky130_fd_sc_hd__a31o_1)
     1    0.00                           _08291_ (net)
                  0.04    0.00    6.57 v _36164_/A2_N (sky130_fd_sc_hd__a2bb2o_4)
                  0.21    0.33    6.90 ^ _36164_/X (sky130_fd_sc_hd__a2bb2o_4)
     4    0.07                           _08292_ (net)
                  0.22    0.02    6.91 ^ max_cap7036/A (sky130_fd_sc_hd__buf_6)
                  0.11    0.20    7.11 ^ max_cap7036/X (sky130_fd_sc_hd__buf_6)
     5    0.05                           net7036 (net)
                  0.11    0.00    7.12 ^ _36505_/A0 (sky130_fd_sc_hd__mux2_1)
                  0.05    0.14    7.26 ^ _36505_/X (sky130_fd_sc_hd__mux2_1)
     1    0.00                           _08601_ (net)
                  0.05    0.00    7.26 ^ _36506_/A (sky130_fd_sc_hd__buf_4)
                  0.16    0.20    7.47 ^ _36506_/X (sky130_fd_sc_hd__buf_4)
     1    0.06                           isl_blksiz.veri_onbellegi_denetleyici_dut.yol_A0[0] (net)
                  0.17    0.02    7.48 ^ fanout5749/A (sky130_fd_sc_hd__buf_12)
                  0.29    0.27    7.76 ^ fanout5749/X (sky130_fd_sc_hd__buf_12)
     6    0.27                           net5749 (net)
                  0.29    0.00    7.76 ^ fanout5557/A (sky130_fd_sc_hd__buf_12)
                  0.14    0.23    7.99 ^ fanout5557/X (sky130_fd_sc_hd__buf_12)
     6    0.12                           net5557 (net)
                  0.15    0.02    8.02 ^ fanout5497/A (sky130_fd_sc_hd__buf_6)
                  0.14    0.20    8.22 ^ fanout5497/X (sky130_fd_sc_hd__buf_6)
     5    0.07                           net5497 (net)
                  0.14    0.02    8.24 ^ fanout5480/A (sky130_fd_sc_hd__buf_4)
                  0.15    0.23    8.47 ^ fanout5480/X (sky130_fd_sc_hd__buf_4)
     6    0.05                           net5480 (net)
                  0.15    0.00    8.47 ^ fanout5469/A (sky130_fd_sc_hd__buf_2)
                  0.16    0.24    8.71 ^ fanout5469/X (sky130_fd_sc_hd__buf_2)
     6    0.03                           net5469 (net)
                  0.16    0.00    8.71 ^ fanout5468/A (sky130_fd_sc_hd__clkbuf_4)
                  0.12    0.25    8.96 ^ fanout5468/X (sky130_fd_sc_hd__clkbuf_4)
     7    0.04                           net5468 (net)
                  0.12    0.00    8.96 ^ fanout5467/A (sky130_fd_sc_hd__buf_4)
                  0.15    0.23    9.18 ^ fanout5467/X (sky130_fd_sc_hd__buf_4)
    10    0.05                           net5467 (net)
                  0.15    0.00    9.18 ^ vffram_t1_0.REGF[0].RAM32x8_ASYNC_dut.m0.m7.m0.m1.m0/S0 (sky130_fd_sc_hd__mux4_1)
                  0.08    0.58    9.76 v vffram_t1_0.REGF[0].RAM32x8_ASYNC_dut.m0.m7.m0.m1.m0/X (sky130_fd_sc_hd__mux4_1)
     1    0.00                           vffram_t1_0.REGF[0].RAM32x8_ASYNC_dut.m0.m7.m0.m1.tmp0 (net)
                  0.08    0.00    9.76 v vffram_t1_0.REGF[0].RAM32x8_ASYNC_dut.m0.m7.m0.m1.m2/A0 (sky130_fd_sc_hd__mux2_1)
                  0.07    0.33   10.09 v vffram_t1_0.REGF[0].RAM32x8_ASYNC_dut.m0.m7.m0.m1.m2/X (sky130_fd_sc_hd__mux2_1)
     1    0.01                           vffram_t1_0.REGF[0].RAM32x8_ASYNC_dut.m0.m7.m0.m1.X (net)
                  0.07    0.00   10.09 v vffram_t1_0.REGF[0].RAM32x8_ASYNC_dut.m0.m7.m0.m2/A1 (sky130_fd_sc_hd__mux2_1)
                  0.09    0.36   10.45 v vffram_t1_0.REGF[0].RAM32x8_ASYNC_dut.m0.m7.m0.m2/X (sky130_fd_sc_hd__mux2_1)
     1    0.01                           vffram_t1_0.REGF[0].RAM32x8_ASYNC_dut.m0.m7.m0.X (net)
                  0.09    0.00   10.45 v vffram_t1_0.REGF[0].RAM32x8_ASYNC_dut.m0.m7.m2/A0 (sky130_fd_sc_hd__mux2_2)
                  0.10    0.36   10.81 v vffram_t1_0.REGF[0].RAM32x8_ASYNC_dut.m0.m7.m2/X (sky130_fd_sc_hd__mux2_2)
     1    0.02                           vffram_t1_0.REGF[0].RAM32x8_ASYNC_dut.m0.m7.X (net)
                  0.10    0.00   10.81 v vffram_t1_0.m0.m7.m0/A0 (sky130_fd_sc_hd__mux4_2)
                  0.17    0.64   11.44 v vffram_t1_0.m0.m7.m0/X (sky130_fd_sc_hd__mux4_2)
     1    0.04                           vffram_t1_0.m0.m7.tmp0 (net)
                  0.17    0.01   11.45 v vffram_t1_0.m0.m7.m2/A0 (sky130_fd_sc_hd__mux2_8)
                  0.09    0.41   11.87 v vffram_t1_0.m0.m7.m2/X (sky130_fd_sc_hd__mux2_8)
     2    0.05                           vffram_t1_0.m0.m7.X (net)
                  0.09    0.01   11.88 v _34002_/A (sky130_fd_sc_hd__xor2_1)
                  0.11    0.16   12.04 ^ _34002_/X (sky130_fd_sc_hd__xor2_1)
     1    0.00                           _06247_ (net)
                  0.11    0.00   12.04 ^ _34003_/B1 (sky130_fd_sc_hd__o21ai_1)
                  0.05    0.08   12.12 v _34003_/Y (sky130_fd_sc_hd__o21ai_1)
     1    0.00                           _06248_ (net)
                  0.05    0.00   12.12 v _34004_/C1 (sky130_fd_sc_hd__a221o_1)
                  0.05    0.26   12.39 v _34004_/X (sky130_fd_sc_hd__a221o_1)
     1    0.00                           _06249_ (net)
                  0.05    0.00   12.39 v _34011_/A (sky130_fd_sc_hd__or4_1)
                  0.10    0.56   12.94 v _34011_/X (sky130_fd_sc_hd__or4_1)
     1    0.00                           _06256_ (net)
                  0.10    0.00   12.94 v _34012_/D1 (sky130_fd_sc_hd__a2111o_4)
                  0.13    0.46   13.40 v _34012_/X (sky130_fd_sc_hd__a2111o_4)
     2    0.04                           _06257_ (net)
                  0.13    0.01   13.41 v _35977_/A (sky130_fd_sc_hd__clkbuf_4)
                  0.09    0.24   13.65 v _35977_/X (sky130_fd_sc_hd__clkbuf_4)
    10    0.04                           _08134_ (net)
                  0.09    0.00   13.65 v _43061_/A2 (sky130_fd_sc_hd__o22a_1)
                  0.10    0.28   13.93 v _43061_/X (sky130_fd_sc_hd__o22a_1)
     1    0.02                           _13266_ (net)
                  0.10    0.00   13.93 v _43062_/B1 (sky130_fd_sc_hd__o22a_1)
                  0.05    0.21   14.14 v _43062_/X (sky130_fd_sc_hd__o22a_1)
     1    0.00                           _13267_ (net)
                  0.05    0.00   14.14 v _43064_/A2 (sky130_fd_sc_hd__o21a_1)
                  0.04    0.18   14.32 v _43064_/X (sky130_fd_sc_hd__o21a_1)
     2    0.00                           _13269_ (net)
                  0.04    0.00   14.32 v _43067_/A0 (sky130_fd_sc_hd__mux2_2)
                  0.09    0.33   14.65 v _43067_/X (sky130_fd_sc_hd__mux2_2)
     2    0.02                           _13272_ (net)
                  0.09    0.00   14.65 v _43068_/B (sky130_fd_sc_hd__or2_1)
                  0.06    0.24   14.89 v _43068_/X (sky130_fd_sc_hd__or2_1)
     2    0.01                           _13273_ (net)
                  0.06    0.00   14.89 v _43500_/C1 (sky130_fd_sc_hd__o211ai_1)
                  0.21    0.12   15.01 ^ _43500_/Y (sky130_fd_sc_hd__o211ai_1)
     2    0.01                           _13697_ (net)
                  0.21    0.00   15.01 ^ _43573_/B (sky130_fd_sc_hd__nor2_1)
                  0.07    0.10   15.11 v _43573_/Y (sky130_fd_sc_hd__nor2_1)
     3    0.01                           _13769_ (net)
                  0.07    0.00   15.11 v max_cap515/A (sky130_fd_sc_hd__clkbuf_2)
                  0.08    0.16   15.28 v max_cap515/X (sky130_fd_sc_hd__clkbuf_2)
     6    0.02                           net515 (net)
                  0.08    0.00   15.28 v _57678_/B (sky130_fd_sc_hd__nor2_1)
                  0.10    0.11   15.39 ^ _57678_/Y (sky130_fd_sc_hd__nor2_1)
     2    0.00                           _24495_ (net)
                  0.10    0.00   15.39 ^ wire320/A (sky130_fd_sc_hd__dlymetal6s2s_1)
                  0.16    0.20   15.59 ^ wire320/X (sky130_fd_sc_hd__dlymetal6s2s_1)
     5    0.01                           net320 (net)
                  0.16    0.00   15.59 ^ _57721_/B1_N (sky130_fd_sc_hd__a21boi_1)
                  0.25    0.30   15.89 ^ _57721_/Y (sky130_fd_sc_hd__a21boi_1)
     1    0.01                           _24537_ (net)
                  0.25    0.00   15.89 ^ _57729_/A2_N (sky130_fd_sc_hd__a2bb2o_1)
                  0.06    0.33   16.22 v _57729_/X (sky130_fd_sc_hd__a2bb2o_1)
     1    0.00                           _24545_ (net)
                  0.06    0.00   16.22 v _57739_/B (sky130_fd_sc_hd__and3_1)
                  0.04    0.17   16.39 v _57739_/X (sky130_fd_sc_hd__and3_1)
     1    0.00                           _24555_ (net)
                  0.04    0.00   16.39 v _57740_/B1 (sky130_fd_sc_hd__a21oi_1)
                  0.26    0.24   16.62 ^ _57740_/Y (sky130_fd_sc_hd__a21oi_1)
     2    0.01                           _24556_ (net)
                  0.26    0.00   16.62 ^ _57741_/B (sky130_fd_sc_hd__nor2_1)
                  0.06    0.08   16.70 v _57741_/Y (sky130_fd_sc_hd__nor2_1)
     1    0.00                           _24557_ (net)
                  0.06    0.00   16.70 v wire116/A (sky130_fd_sc_hd__clkbuf_1)
                  0.08    0.14   16.85 v wire116/X (sky130_fd_sc_hd__clkbuf_1)
     2    0.01                           net116 (net)
                  0.08    0.00   16.85 v _57767_/B1 (sky130_fd_sc_hd__o221a_2)
                  0.08    0.32   17.17 v _57767_/X (sky130_fd_sc_hd__o221a_2)
     4    0.02                           _24583_ (net)
                  0.08    0.00   17.17 v _58856_/A1 (sky130_fd_sc_hd__a22o_1)
                  0.05    0.24   17.41 v _58856_/X (sky130_fd_sc_hd__a22o_1)
     2    0.01                           _25620_ (net)
                  0.05    0.00   17.41 v _58858_/B1 (sky130_fd_sc_hd__a211oi_1)
                  0.25    0.27   17.68 ^ _58858_/Y (sky130_fd_sc_hd__a211oi_1)
     2    0.01                           _25622_ (net)
                  0.25    0.00   17.68 ^ _58867_/B (sky130_fd_sc_hd__and4_1)
                  0.06    0.24   17.91 ^ _58867_/X (sky130_fd_sc_hd__and4_1)
     1    0.00                           _25631_ (net)
                  0.06    0.00   17.91 ^ _58868_/D (sky130_fd_sc_hd__and4_1)
                  0.05    0.19   18.10 ^ _58868_/X (sky130_fd_sc_hd__and4_1)
     1    0.00                           _25632_ (net)
                  0.05    0.00   18.10 ^ _58869_/C (sky130_fd_sc_hd__and3b_1)
                  0.05    0.16   18.26 ^ _58869_/X (sky130_fd_sc_hd__and3b_1)
     1    0.00                           _25633_ (net)
                  0.05    0.00   18.26 ^ _58872_/C_N (sky130_fd_sc_hd__or4bb_1)
                  0.10    0.53   18.79 v _58872_/X (sky130_fd_sc_hd__or4bb_1)
     2    0.01                           _25636_ (net)
                  0.10    0.00   18.79 v _58898_/A_N (sky130_fd_sc_hd__and4b_1)
                  0.05    0.27   19.05 ^ _58898_/X (sky130_fd_sc_hd__and4b_1)
     1    0.00                           _25662_ (net)
                  0.05    0.00   19.05 ^ _58899_/C (sky130_fd_sc_hd__and3_1)
                  0.05    0.16   19.21 ^ _58899_/X (sky130_fd_sc_hd__and3_1)
     1    0.00                           _25663_ (net)
                  0.05    0.00   19.21 ^ _58900_/A4 (sky130_fd_sc_hd__a41o_2)
                  0.13    0.28   19.49 ^ _58900_/X (sky130_fd_sc_hd__a41o_2)
     3    0.02                           _25664_ (net)
                  0.13    0.00   19.49 ^ _58930_/A (sky130_fd_sc_hd__or2b_1)
                  0.04    0.12   19.62 ^ _58930_/X (sky130_fd_sc_hd__or2b_1)
     1    0.00                           _25692_ (net)
                  0.04    0.00   19.62 ^ _58931_/B1 (sky130_fd_sc_hd__a31o_1)
                  0.16    0.18   19.80 ^ _58931_/X (sky130_fd_sc_hd__a31o_1)
     1    0.02                           _25693_ (net)
                  0.16    0.00   19.80 ^ _58932_/A2 (sky130_fd_sc_hd__a21oi_1)
                  0.05    0.09   19.89 v _58932_/Y (sky130_fd_sc_hd__a21oi_1)
     1    0.00                           _05192_ (net)
                  0.05    0.00   19.89 v _72480_/D (sky130_fd_sc_hd__dfxtp_1)
                                 19.89   data arrival time

                         25.00   25.00   clock clk (rise edge)
                          0.00   25.00   clock source latency
                  0.63    0.47   25.47 ^ clk (in)
     1    0.14                           clk (net)
                  0.65    0.00   25.47 ^ clkbuf_0_clk/A (sky130_fd_sc_hd__clkbuf_16)
                  0.10    0.30   25.76 ^ clkbuf_0_clk/X (sky130_fd_sc_hd__clkbuf_16)
     2    0.07                           clknet_0_clk (net)
                  0.10    0.01   25.77 ^ clkbuf_1_0_0_clk/A (sky130_fd_sc_hd__clkbuf_8)
                  0.10    0.18   25.95 ^ clkbuf_1_0_0_clk/X (sky130_fd_sc_hd__clkbuf_8)
     2    0.05                           clknet_1_0_0_clk (net)
                  0.10    0.01   25.95 ^ clkbuf_2_1_0_clk/A (sky130_fd_sc_hd__clkbuf_8)
                  0.09    0.17   26.12 ^ clkbuf_2_1_0_clk/X (sky130_fd_sc_hd__clkbuf_8)
     1    0.05                           clknet_2_1_0_clk (net)
                  0.09    0.01   26.14 ^ clkbuf_2_1_1_clk/A (sky130_fd_sc_hd__clkbuf_8)
                  0.16    0.22   26.35 ^ clkbuf_2_1_1_clk/X (sky130_fd_sc_hd__clkbuf_8)
     4    0.09                           clknet_2_1_1_clk (net)
                  0.16    0.01   26.37 ^ clkbuf_4_6_0_clk/A (sky130_fd_sc_hd__clkbuf_8)
                  0.10    0.19   26.56 ^ clkbuf_4_6_0_clk/X (sky130_fd_sc_hd__clkbuf_8)
     2    0.05                           clknet_4_6_0_clk (net)
                  0.10    0.01   26.57 ^ clkbuf_5_13_0_clk/A (sky130_fd_sc_hd__clkbuf_8)
                  0.19    0.24   26.81 ^ clkbuf_5_13_0_clk/X (sky130_fd_sc_hd__clkbuf_8)
     8    0.11                           clknet_5_13_0_clk (net)
                  0.19    0.00   26.81 ^ clkbuf_8_109_0_clk/A (sky130_fd_sc_hd__clkbuf_8)
                  0.35    0.38   27.19 ^ clkbuf_8_109_0_clk/X (sky130_fd_sc_hd__clkbuf_8)
    20    0.20                           clknet_8_109_0_clk (net)
                  0.35    0.01   27.20 ^ clkbuf_leaf_1355_clk/A (sky130_fd_sc_hd__clkbuf_16)
                  0.04    0.20   27.40 ^ clkbuf_leaf_1355_clk/X (sky130_fd_sc_hd__clkbuf_16)
     6    0.02                           clknet_leaf_1355_clk (net)
                  0.04    0.00   27.40 ^ _72480_/CLK (sky130_fd_sc_hd__dfxtp_1)
                         -0.25   27.15   clock uncertainty
                          0.08   27.23   clock reconvergence pessimism
                         -0.11   27.11   library setup time
                                 27.11   data required time
-----------------------------------------------------------------------------
                                 27.11   data required time
                                -19.89   data arrival time
-----------------------------------------------------------------------------
                                  7.22   slack (MET)



===========================================================================
report_checks --slack_max -0.01
============================================================================
No paths found.
