OpenROAD 0264023b6c2a8ae803b8d440478d657387277d93 
This program is licensed under the BSD-3 license. See the LICENSE file for details.
Components of this program may be licensed under more restrictive licenses which must be honored.
[INFO]: Reading ODB at '/openlane/designs/kizil_islemci/runs/v1/tmp/13-user_processor.odb'...
Placement Analysis
---------------------------------
total displacement          0.0 u
average displacement        0.0 u
max displacement            0.0 u
original HPWL         7148614.1 u
legalized HPWL        7343124.4 u
delta HPWL                    3 %

[INFO DPL-0020] Mirrored 56665 instances
[INFO DPL-0021] HPWL before          7343124.4 u
[INFO DPL-0022] HPWL after           7148614.1 u
[INFO DPL-0023] HPWL delta               -2.6 %
Setting global connections for newly added cells...
Writing OpenROAD database to /openlane/designs/kizil_islemci/runs/v1/tmp/routing/diode.odb...
Writing netlist to /openlane/designs/kizil_islemci/runs/v1/tmp/routing/diode.nl.v...
Writing powered netlist to /openlane/designs/kizil_islemci/runs/v1/tmp/routing/diode.pnl.v...
Writing layout to /openlane/designs/kizil_islemci/runs/v1/tmp/routing/diode.def...
